2026-06-12 22:47:16,686 [ERROR] from com.jpro.internal.stats.ViewInfo$ in scala-execution-context-global-96 - JavaFXStreamer: channel push failed!
java.io.UncheckedIOException: java.net.SocketException: Socket closed
	at io.helidon.common.buffers.GrowingBufferData.writeTo(GrowingBufferData.java:69)
	at io.helidon.common.socket.PlainSocket.write(PlainSocket.java:136)
	at io.helidon.common.socket.SocketWriter.writeNow(SocketWriter.java:81)
	at io.helidon.webserver.websocket.WsConnection.send(WsConnection.java:342)
	at io.helidon.webserver.websocket.WsConnection.close(WsConnection.java:205)
	at com.jpro.internal.server.JProWSEndpoint.com$jpro$internal$server$JProWSEndpoint$$poison(JProWSEndpoint.scala:239)
	at com.jpro.internal.server.JProWSEndpoint$.$anonfun$send$1(JProWSEndpoint.scala:306)
	at scala.collection.immutable.List.foreach(List.scala:431)
	at com.jpro.internal.server.JProWSEndpoint$.send(JProWSEndpoint.scala:297)
	at com.jpro.internal.server.ViewByWS.send(JProWSEndpoint.scala:289)
	at com.jpro.internal.communicator.ViewImpl.$anonfun$sendUpdate$1(ViewImpl.scala:167)
	at com.jpro.internal.communicator.ViewImpl.$anonfun$sendUpdate$1$adapted(ViewImpl.scala:151)
	at scala.util.Success.$anonfun$map$1(Try.scala:255)
	at scala.util.Success.map(Try.scala:213)
	at scala.concurrent.Future.$anonfun$map$1(Future.scala:292)
	at scala.concurrent.impl.Promise.liftedTree1$1(Promise.scala:33)
	at scala.concurrent.impl.Promise.$anonfun$transform$1(Promise.scala:33)
	at scala.concurrent.impl.CallbackRunnable.run(Promise.scala:64)
	at java.base/java.util.concurrent.ForkJoinTask$RunnableExecuteAction.compute(ForkJoinTask.java:1753)
	at java.base/java.util.concurrent.ForkJoinTask$RunnableExecuteAction.compute(ForkJoinTask.java:1745)
	at java.base/java.util.concurrent.ForkJoinTask$InterruptibleTask.exec(ForkJoinTask.java:1662)
	at java.base/java.util.concurrent.ForkJoinTask.doExec(ForkJoinTask.java:511)
	at java.base/java.util.concurrent.ForkJoinPool$WorkQueue.topLevelExec(ForkJoinPool.java:1450)
	at java.base/java.util.concurrent.ForkJoinPool.runWorker(ForkJoinPool.java:2019)
	at java.base/java.util.concurrent.ForkJoinWorkerThread.run(ForkJoinWorkerThread.java:187)
Caused by: java.net.SocketException: Socket closed
	at java.base/sun.nio.ch.NioSocketImpl.ensureOpenAndConnected(NioSocketImpl.java:161)
	at java.base/sun.nio.ch.NioSocketImpl.beginWrite(NioSocketImpl.java:376)
	at java.base/sun.nio.ch.NioSocketImpl.implWrite(NioSocketImpl.java:422)
	at java.base/sun.nio.ch.NioSocketImpl.write(NioSocketImpl.java:458)
	at java.base/sun.nio.ch.NioSocketImpl$2.write(NioSocketImpl.java:825)
	at java.base/java.net.Socket$SocketOutputStream.implWrite(Socket.java:1097)
	at java.base/java.net.Socket$SocketOutputStream.write(Socket.java:1087)
	at io.helidon.common.buffers.GrowingBufferData.writeTo(GrowingBufferData.java:66)
	... 24 common frames omitted
2026-06-12 23:07:16,606 [ERROR] from com.jpro.internal.stats.ViewInfo$ in scala-execution-context-global-97 - JavaFXStreamer: channel push failed!
java.io.UncheckedIOException: java.net.SocketException: Socket closed
	at io.helidon.common.buffers.GrowingBufferData.writeTo(GrowingBufferData.java:69)
	at io.helidon.common.socket.PlainSocket.write(PlainSocket.java:136)
	at io.helidon.common.socket.SocketWriter.writeNow(SocketWriter.java:81)
	at io.helidon.webserver.websocket.WsConnection.send(WsConnection.java:342)
	at io.helidon.webserver.websocket.WsConnection.close(WsConnection.java:205)
	at com.jpro.internal.server.JProWSEndpoint.com$jpro$internal$server$JProWSEndpoint$$poison(JProWSEndpoint.scala:239)
	at com.jpro.internal.server.JProWSEndpoint$.$anonfun$send$1(JProWSEndpoint.scala:306)
	at scala.collection.immutable.List.foreach(List.scala:431)
	at com.jpro.internal.server.JProWSEndpoint$.send(JProWSEndpoint.scala:297)
	at com.jpro.internal.server.ViewByWS.send(JProWSEndpoint.scala:289)
	at com.jpro.internal.communicator.ViewImpl.$anonfun$sendUpdate$1(ViewImpl.scala:167)
	at com.jpro.internal.communicator.ViewImpl.$anonfun$sendUpdate$1$adapted(ViewImpl.scala:151)
	at scala.util.Success.$anonfun$map$1(Try.scala:255)
	at scala.util.Success.map(Try.scala:213)
	at scala.concurrent.Future.$anonfun$map$1(Future.scala:292)
	at scala.concurrent.impl.Promise.liftedTree1$1(Promise.scala:33)
	at scala.concurrent.impl.Promise.$anonfun$transform$1(Promise.scala:33)
	at scala.concurrent.impl.CallbackRunnable.run(Promise.scala:64)
	at java.base/java.util.concurrent.ForkJoinTask$RunnableExecuteAction.compute(ForkJoinTask.java:1753)
	at java.base/java.util.concurrent.ForkJoinTask$RunnableExecuteAction.compute(ForkJoinTask.java:1745)
	at java.base/java.util.concurrent.ForkJoinTask$InterruptibleTask.exec(ForkJoinTask.java:1662)
	at java.base/java.util.concurrent.ForkJoinTask.doExec(ForkJoinTask.java:511)
	at java.base/java.util.concurrent.ForkJoinPool$WorkQueue.topLevelExec(ForkJoinPool.java:1450)
	at java.base/java.util.concurrent.ForkJoinPool.runWorker(ForkJoinPool.java:2019)
	at java.base/java.util.concurrent.ForkJoinWorkerThread.run(ForkJoinWorkerThread.java:187)
Caused by: java.net.SocketException: Socket closed
	at java.base/sun.nio.ch.NioSocketImpl.ensureOpenAndConnected(NioSocketImpl.java:161)
	at java.base/sun.nio.ch.NioSocketImpl.beginWrite(NioSocketImpl.java:376)
	at java.base/sun.nio.ch.NioSocketImpl.implWrite(NioSocketImpl.java:422)
	at java.base/sun.nio.ch.NioSocketImpl.write(NioSocketImpl.java:458)
	at java.base/sun.nio.ch.NioSocketImpl$2.write(NioSocketImpl.java:825)
	at java.base/java.net.Socket$SocketOutputStream.implWrite(Socket.java:1097)
	at java.base/java.net.Socket$SocketOutputStream.write(Socket.java:1087)
	at io.helidon.common.buffers.GrowingBufferData.writeTo(GrowingBufferData.java:66)
	... 24 common frames omitted
2026-06-15 13:25:03,752 [ERROR] from com.jpro.internal.stats.ViewInfo$ in scala-execution-context-global-42 - JavaFXStreamer: channel push failed!
java.io.UncheckedIOException: java.net.SocketException: Socket closed
	at io.helidon.common.buffers.GrowingBufferData.writeTo(GrowingBufferData.java:69)
	at io.helidon.common.socket.PlainSocket.write(PlainSocket.java:136)
	at io.helidon.common.socket.SocketWriter.writeNow(SocketWriter.java:81)
	at io.helidon.webserver.websocket.WsConnection.send(WsConnection.java:342)
	at io.helidon.webserver.websocket.WsConnection.close(WsConnection.java:205)
	at com.jpro.internal.server.JProWSEndpoint.com$jpro$internal$server$JProWSEndpoint$$poison(JProWSEndpoint.scala:239)
	at com.jpro.internal.server.JProWSEndpoint$.$anonfun$send$1(JProWSEndpoint.scala:306)
	at scala.collection.immutable.List.foreach(List.scala:431)
	at com.jpro.internal.server.JProWSEndpoint$.send(JProWSEndpoint.scala:297)
	at com.jpro.internal.server.ViewByWS.send(JProWSEndpoint.scala:289)
	at com.jpro.internal.communicator.ViewImpl.$anonfun$sendUpdate$1(ViewImpl.scala:167)
	at com.jpro.internal.communicator.ViewImpl.$anonfun$sendUpdate$1$adapted(ViewImpl.scala:151)
	at scala.util.Success.$anonfun$map$1(Try.scala:255)
	at scala.util.Success.map(Try.scala:213)
	at scala.concurrent.Future.$anonfun$map$1(Future.scala:292)
	at scala.concurrent.impl.Promise.liftedTree1$1(Promise.scala:33)
	at scala.concurrent.impl.Promise.$anonfun$transform$1(Promise.scala:33)
	at scala.concurrent.impl.CallbackRunnable.run(Promise.scala:64)
	at java.base/java.util.concurrent.ForkJoinTask$RunnableExecuteAction.compute(ForkJoinTask.java:1753)
	at java.base/java.util.concurrent.ForkJoinTask$RunnableExecuteAction.compute(ForkJoinTask.java:1745)
	at java.base/java.util.concurrent.ForkJoinTask$InterruptibleTask.exec(ForkJoinTask.java:1662)
	at java.base/java.util.concurrent.ForkJoinTask.doExec(ForkJoinTask.java:511)
	at java.base/java.util.concurrent.ForkJoinPool$WorkQueue.topLevelExec(ForkJoinPool.java:1450)
	at java.base/java.util.concurrent.ForkJoinPool.runWorker(ForkJoinPool.java:2019)
	at java.base/java.util.concurrent.ForkJoinWorkerThread.run(ForkJoinWorkerThread.java:187)
Caused by: java.net.SocketException: Socket closed
	at java.base/sun.nio.ch.NioSocketImpl.ensureOpenAndConnected(NioSocketImpl.java:161)
	at java.base/sun.nio.ch.NioSocketImpl.beginWrite(NioSocketImpl.java:376)
	at java.base/sun.nio.ch.NioSocketImpl.implWrite(NioSocketImpl.java:422)
	at java.base/sun.nio.ch.NioSocketImpl.write(NioSocketImpl.java:458)
	at java.base/sun.nio.ch.NioSocketImpl$2.write(NioSocketImpl.java:825)
	at java.base/java.net.Socket$SocketOutputStream.implWrite(Socket.java:1097)
	at java.base/java.net.Socket$SocketOutputStream.write(Socket.java:1087)
	at io.helidon.common.buffers.GrowingBufferData.writeTo(GrowingBufferData.java:66)
	... 24 common frames omitted
2026-06-15 13:59:03,650 [ERROR] from com.jpro.internal.stats.ViewInfo$ in scala-execution-context-global-101 - JavaFXStreamer: channel push failed!
java.io.UncheckedIOException: java.net.SocketException: Socket closed
	at io.helidon.common.buffers.GrowingBufferData.writeTo(GrowingBufferData.java:69)
	at io.helidon.common.socket.PlainSocket.write(PlainSocket.java:136)
	at io.helidon.common.socket.SocketWriter.writeNow(SocketWriter.java:81)
	at io.helidon.webserver.websocket.WsConnection.send(WsConnection.java:342)
	at io.helidon.webserver.websocket.WsConnection.close(WsConnection.java:205)
	at com.jpro.internal.server.JProWSEndpoint.com$jpro$internal$server$JProWSEndpoint$$poison(JProWSEndpoint.scala:239)
	at com.jpro.internal.server.JProWSEndpoint$.$anonfun$send$1(JProWSEndpoint.scala:306)
	at scala.collection.immutable.List.foreach(List.scala:431)
	at com.jpro.internal.server.JProWSEndpoint$.send(JProWSEndpoint.scala:297)
	at com.jpro.internal.server.ViewByWS.send(JProWSEndpoint.scala:289)
	at com.jpro.internal.communicator.ViewImpl.$anonfun$sendUpdate$1(ViewImpl.scala:167)
	at com.jpro.internal.communicator.ViewImpl.$anonfun$sendUpdate$1$adapted(ViewImpl.scala:151)
	at scala.util.Success.$anonfun$map$1(Try.scala:255)
	at scala.util.Success.map(Try.scala:213)
	at scala.concurrent.Future.$anonfun$map$1(Future.scala:292)
	at scala.concurrent.impl.Promise.liftedTree1$1(Promise.scala:33)
	at scala.concurrent.impl.Promise.$anonfun$transform$1(Promise.scala:33)
	at scala.concurrent.impl.CallbackRunnable.run(Promise.scala:64)
	at java.base/java.util.concurrent.ForkJoinTask$RunnableExecuteAction.compute(ForkJoinTask.java:1753)
	at java.base/java.util.concurrent.ForkJoinTask$RunnableExecuteAction.compute(ForkJoinTask.java:1745)
	at java.base/java.util.concurrent.ForkJoinTask$InterruptibleTask.exec(ForkJoinTask.java:1662)
	at java.base/java.util.concurrent.ForkJoinTask.doExec(ForkJoinTask.java:511)
	at java.base/java.util.concurrent.ForkJoinPool$WorkQueue.topLevelExec(ForkJoinPool.java:1450)
	at java.base/java.util.concurrent.ForkJoinPool.runWorker(ForkJoinPool.java:2019)
	at java.base/java.util.concurrent.ForkJoinWorkerThread.run(ForkJoinWorkerThread.java:187)
Caused by: java.net.SocketException: Socket closed
	at java.base/sun.nio.ch.NioSocketImpl.ensureOpenAndConnected(NioSocketImpl.java:161)
	at java.base/sun.nio.ch.NioSocketImpl.beginWrite(NioSocketImpl.java:376)
	at java.base/sun.nio.ch.NioSocketImpl.implWrite(NioSocketImpl.java:422)
	at java.base/sun.nio.ch.NioSocketImpl.write(NioSocketImpl.java:458)
	at java.base/sun.nio.ch.NioSocketImpl$2.write(NioSocketImpl.java:825)
	at java.base/java.net.Socket$SocketOutputStream.implWrite(Socket.java:1097)
	at java.base/java.net.Socket$SocketOutputStream.write(Socket.java:1087)
	at io.helidon.common.buffers.GrowingBufferData.writeTo(GrowingBufferData.java:66)
	... 24 common frames omitted
2026-06-15 14:11:04,823 [ERROR] from com.jpro.internal.stats.ViewInfo$ in scala-execution-context-global-98 - JavaFXStreamer: channel push failed!
java.io.UncheckedIOException: java.net.SocketException: Socket closed
	at io.helidon.common.buffers.GrowingBufferData.writeTo(GrowingBufferData.java:69)
	at io.helidon.common.socket.PlainSocket.write(PlainSocket.java:136)
	at io.helidon.common.socket.SocketWriter.writeNow(SocketWriter.java:81)
	at io.helidon.webserver.websocket.WsConnection.send(WsConnection.java:342)
	at io.helidon.webserver.websocket.WsConnection.close(WsConnection.java:205)
	at com.jpro.internal.server.JProWSEndpoint.com$jpro$internal$server$JProWSEndpoint$$poison(JProWSEndpoint.scala:239)
	at com.jpro.internal.server.JProWSEndpoint$.$anonfun$send$1(JProWSEndpoint.scala:306)
	at scala.collection.immutable.List.foreach(List.scala:431)
	at com.jpro.internal.server.JProWSEndpoint$.send(JProWSEndpoint.scala:297)
	at com.jpro.internal.server.ViewByWS.send(JProWSEndpoint.scala:289)
	at com.jpro.internal.communicator.ViewImpl.$anonfun$sendUpdate$1(ViewImpl.scala:167)
	at com.jpro.internal.communicator.ViewImpl.$anonfun$sendUpdate$1$adapted(ViewImpl.scala:151)
	at scala.util.Success.$anonfun$map$1(Try.scala:255)
	at scala.util.Success.map(Try.scala:213)
	at scala.concurrent.Future.$anonfun$map$1(Future.scala:292)
	at scala.concurrent.impl.Promise.liftedTree1$1(Promise.scala:33)
	at scala.concurrent.impl.Promise.$anonfun$transform$1(Promise.scala:33)
	at scala.concurrent.impl.CallbackRunnable.run(Promise.scala:64)
	at java.base/java.util.concurrent.ForkJoinTask$RunnableExecuteAction.compute(ForkJoinTask.java:1753)
	at java.base/java.util.concurrent.ForkJoinTask$RunnableExecuteAction.compute(ForkJoinTask.java:1745)
	at java.base/java.util.concurrent.ForkJoinTask$InterruptibleTask.exec(ForkJoinTask.java:1662)
	at java.base/java.util.concurrent.ForkJoinTask.doExec(ForkJoinTask.java:511)
	at java.base/java.util.concurrent.ForkJoinPool$WorkQueue.topLevelExec(ForkJoinPool.java:1450)
	at java.base/java.util.concurrent.ForkJoinPool.runWorker(ForkJoinPool.java:2019)
	at java.base/java.util.concurrent.ForkJoinWorkerThread.run(ForkJoinWorkerThread.java:187)
Caused by: java.net.SocketException: Socket closed
	at java.base/sun.nio.ch.NioSocketImpl.ensureOpenAndConnected(NioSocketImpl.java:161)
	at java.base/sun.nio.ch.NioSocketImpl.beginWrite(NioSocketImpl.java:376)
	at java.base/sun.nio.ch.NioSocketImpl.implWrite(NioSocketImpl.java:422)
	at java.base/sun.nio.ch.NioSocketImpl.write(NioSocketImpl.java:458)
	at java.base/sun.nio.ch.NioSocketImpl$2.write(NioSocketImpl.java:825)
	at java.base/java.net.Socket$SocketOutputStream.implWrite(Socket.java:1097)
	at java.base/java.net.Socket$SocketOutputStream.write(Socket.java:1087)
	at io.helidon.common.buffers.GrowingBufferData.writeTo(GrowingBufferData.java:66)
	... 24 common frames omitted
2026-06-15 14:25:04,700 [ERROR] from com.jpro.internal.stats.ViewInfo$ in scala-execution-context-global-41 - JavaFXStreamer: channel push failed!
java.io.UncheckedIOException: java.net.SocketException: Socket closed
	at io.helidon.common.buffers.GrowingBufferData.writeTo(GrowingBufferData.java:69)
	at io.helidon.common.socket.PlainSocket.write(PlainSocket.java:136)
	at io.helidon.common.socket.SocketWriter.writeNow(SocketWriter.java:81)
	at io.helidon.webserver.websocket.WsConnection.send(WsConnection.java:342)
	at io.helidon.webserver.websocket.WsConnection.close(WsConnection.java:205)
	at com.jpro.internal.server.JProWSEndpoint.com$jpro$internal$server$JProWSEndpoint$$poison(JProWSEndpoint.scala:239)
	at com.jpro.internal.server.JProWSEndpoint$.$anonfun$send$1(JProWSEndpoint.scala:306)
	at scala.collection.immutable.List.foreach(List.scala:431)
	at com.jpro.internal.server.JProWSEndpoint$.send(JProWSEndpoint.scala:297)
	at com.jpro.internal.server.ViewByWS.send(JProWSEndpoint.scala:289)
	at com.jpro.internal.communicator.ViewImpl.$anonfun$sendUpdate$1(ViewImpl.scala:167)
	at com.jpro.internal.communicator.ViewImpl.$anonfun$sendUpdate$1$adapted(ViewImpl.scala:151)
	at scala.util.Success.$anonfun$map$1(Try.scala:255)
	at scala.util.Success.map(Try.scala:213)
	at scala.concurrent.Future.$anonfun$map$1(Future.scala:292)
	at scala.concurrent.impl.Promise.liftedTree1$1(Promise.scala:33)
	at scala.concurrent.impl.Promise.$anonfun$transform$1(Promise.scala:33)
	at scala.concurrent.impl.CallbackRunnable.run(Promise.scala:64)
	at java.base/java.util.concurrent.ForkJoinTask$RunnableExecuteAction.compute(ForkJoinTask.java:1753)
	at java.base/java.util.concurrent.ForkJoinTask$RunnableExecuteAction.compute(ForkJoinTask.java:1745)
	at java.base/java.util.concurrent.ForkJoinTask$InterruptibleTask.exec(ForkJoinTask.java:1662)
	at java.base/java.util.concurrent.ForkJoinTask.doExec(ForkJoinTask.java:511)
	at java.base/java.util.concurrent.ForkJoinPool$WorkQueue.topLevelExec(ForkJoinPool.java:1450)
	at java.base/java.util.concurrent.ForkJoinPool.runWorker(ForkJoinPool.java:2019)
	at java.base/java.util.concurrent.ForkJoinWorkerThread.run(ForkJoinWorkerThread.java:187)
Caused by: java.net.SocketException: Socket closed
	at java.base/sun.nio.ch.NioSocketImpl.ensureOpenAndConnected(NioSocketImpl.java:161)
	at java.base/sun.nio.ch.NioSocketImpl.beginWrite(NioSocketImpl.java:376)
	at java.base/sun.nio.ch.NioSocketImpl.implWrite(NioSocketImpl.java:422)
	at java.base/sun.nio.ch.NioSocketImpl.write(NioSocketImpl.java:458)
	at java.base/sun.nio.ch.NioSocketImpl$2.write(NioSocketImpl.java:825)
	at java.base/java.net.Socket$SocketOutputStream.implWrite(Socket.java:1097)
	at java.base/java.net.Socket$SocketOutputStream.write(Socket.java:1087)
	at io.helidon.common.buffers.GrowingBufferData.writeTo(GrowingBufferData.java:66)
	... 24 common frames omitted
