2026-06-12 22:01:03,193 [INFO] from com.jpro.activity in scala-execution-context-global-38 - Starting the server
2026-06-12 22:01:03,195 [INFO] from com.jpro.internal.server.JProInitializer$ in scala-execution-context-global-38 -  *** Starting JPro: https://www.jpro.one/ ***
2026-06-12 22:01:03,195 [INFO] from com.jpro.internal.server.JProInitializer$ in scala-execution-context-global-38 - OS: Mac OS X
2026-06-12 22:01:03,199 [INFO] from com.jpro.internal.server.JProInitializer$ in scala-execution-context-global-38 - JPro: 2025.3.3
2026-06-12 22:01:03,199 [INFO] from com.jpro.internal.server.JProInitializer$ in scala-execution-context-global-38 - Java version: 26.0.1
2026-06-12 22:01:03,199 [INFO] from com.jpro.internal.server.JProInitializer$ in scala-execution-context-global-38 - JVM: 26.0.1 Homebrew
2026-06-12 22:01:03,200 [INFO] from com.jpro.internal.server.JProInitializer$ in scala-execution-context-global-38 - JavaFX jar: file:/Users/sadikatabassum/.m2/repository/org/openjfx/javafx-graphics/25.0.2-jpro/javafx-graphics-25.0.2-jpro-mac-aarch64.jar
2026-06-12 22:01:03,202 [INFO] from com.jpro.internal.server.JProInitializer$ in scala-execution-context-global-38 - Configuring logging from url: 'jar:file:/Users/sadikatabassum/.m2/repository/one/jpro/jpro-server_2.12/2025.3.3/jpro-server_2.12-2025.3.3.jar!/logback-jpro-default.xml'
2026-06-12 22:01:04,027 [INFO] from com.jpro.internal.server.JProInitializer$ in JavaFX Application Thread - JavaFX version: 25.0.2-jpro+0
2026-06-12 22:01:04,107 [INFO] from com.jpro.internal.server.JProInitializer$ in scala-execution-context-global-38 - finished init!
2026-06-12 22:01:04,109 [INFO] from com.jpro.internal.server.JProInitializer$ in scala-execution-context-global-38 - [JPro] -> Server started: {start_time: 1781280063192, os_name: Mac OS X, jpro_version: 2025.3.3, pid: 27575}
2026-06-12 22:01:04,194 [INFO] from com.jpro.internal.server.Route$ in Thread-0 - Creating routing for JPro server
2026-06-12 22:01:04,233 [INFO] from io.helidon.common.features.HelidonFeatures in features-thread - Helidon SE 4.2.6 features: [Config, Encoding, Media, Metrics, Registry, WebServer, WebSocket]
2026-06-12 22:01:04,238 [INFO] from io.helidon.webserver.ServerListener in start @default (/0.0.0.0:8080) - [0x12c4795c] http://0.0.0.0:8080 bound for socket '@default'
2026-06-12 22:01:04,242 [INFO] from io.helidon.webserver.LoomServer in Thread-0 - Started all channels in 11 milliseconds. 2674 milliseconds since JVM startup. Java 26.0.1
2026-06-12 22:01:42,054 [INFO] from com.jpro.internal.server.JProWSEndpoint in [0x12c4795c 0x269c1682] WebServer socket - application requested: default params: Map()
2026-06-12 22:01:42,054 [INFO] from com.jpro.internal.server.JProWSEndpoint in [0x12c4795c 0x269c1682] WebServer socket - Creating Application: default
2026-06-12 22:01:42,054 [INFO] from com.jpro.internal.server.JProWSEndpoint in [0x12c4795c 0x269c1682] WebServer socket - remoteAddress 0:0:0:0:0:0:0:1
2026-06-12 22:01:42,054 [INFO] from com.jpro.internal.server.JProWSEndpoint in [0x12c4795c 0x269c1682] WebServer socket - host          
2026-06-12 22:01:42,054 [INFO] from com.jpro.internal.server.JProWSEndpoint in [0x12c4795c 0x269c1682] WebServer socket - uri           /app/ws/default
2026-06-12 22:01:42,059 [INFO] from com.jpro.internal.server.JProWSEndpoint in [0x12c4795c 0x269c1682] WebServer socket - Application found.
2026-06-12 22:01:42,073 [INFO] from com.jpro.internal.server.JProWSEndpoint in [0x12c4795c 0x269c1682] WebServer socket - Handshake received: JSFILE_ID_REPLACED_BY_PLAY
2026-06-12 22:01:42,191 [INFO] from com.jpro.internal.stats.ViewInfo$ in JavaFX Application Thread - [JPro] -> View created: {app_name: default, host_name: localhost:8080, instance_id: 8u7gm7tpbmijn77e411tim2eh, browser: Safari 605.1.15, browser_url: http://localhost:8080/, client_ip: 0:0:0:0:0:0:0:1}
2026-06-12 22:01:42,816 [INFO] from com.jpro.internal.communicator.InstanceImpl in JavaFX Application Thread - [JPro] -> Instance created: {app_name: default, host_name: localhost:8080, instance_id: 8u7gm7tpbmijn77e411tim2eh, browser: Safari 605.1.15, browser_url: http://localhost:8080/, client_ip: 0:0:0:0:0:0:0:1}
2026-06-12 22:02:22,400 [INFO] from com.jpro.meta.tk.SceneInputListener in JavaFX Application Thread - Window 'Recipe Manager - Purple Pink JavaFX Frontend' is disabled probably due to other modal window, skipping input: MouseEventToken(MousePressed,1610.3202651111492,774.6536284555109,MouseButtonToken(3),false,false,false,false,false,true,false,false)
2026-06-12 22:02:24,827 [INFO] from com.jpro.meta.tk.SceneInputListener in JavaFX Application Thread - Window 'Recipe Manager - Purple Pink JavaFX Frontend' is disabled probably due to other modal window, skipping input: MouseEventToken(MousePressed,1540.51071114387,693.6607882226464,MouseButtonToken(3),false,false,false,false,false,true,false,false)
2026-06-12 22:02:25,714 [INFO] from com.jpro.meta.tk.SceneInputListener in JavaFX Application Thread - Window 'Recipe Manager - Purple Pink JavaFX Frontend' is disabled probably due to other modal window, skipping input: MouseEventToken(MousePressed,1559.8704075449182,692.2589690216014,MouseButtonToken(3),false,false,false,false,false,true,false,false)
2026-06-12 22:02:27,973 [INFO] from com.jpro.internal.server.JProWSEndpoint in [0x12c4795c 0x269c1682] WebServer socket - Frame received after poison, ignoring
2026-06-12 22:02:27,974 [INFO] from com.jpro.internal.server.JProWSEndpoint in [0x12c4795c 0x269c1682] WebServer socket - WebSocket for [default] closed: 1000 – tab-closed
2026-06-12 22:02:27,975 [INFO] from com.jpro.internal.stats.ViewInfo$ in JavaFX Application Thread - [JPro] -> View closed: {app_name: default, host_name: localhost:8080, instance_id: 8u7gm7tpbmijn77e411tim2eh, browser: Safari 605.1.15, browser_url: http://localhost:8080/, client_ip: 0:0:0:0:0:0:0:1, reason: tab-closed}
2026-06-12 22:02:27,983 [INFO] from com.jpro.internal.stats.ViewInfo$ in JavaFX Application Thread - 
2026-06-12 22:02:27,983 [INFO] from com.jpro.internal.stats.ViewInfo$ in JavaFX Application Thread - Application closed:
2026-06-12 22:02:27,991 [INFO] from com.jpro.internal.stats.ViewInfo$ in JavaFX Application Thread - startTime      : Fri Jun 12 22:02:27 GMT+06:00 2026      
2026-06-12 22:02:27,991 [INFO] from com.jpro.internal.stats.ViewInfo$ in JavaFX Application Thread - averageLatency : 00:00:00.002 
2026-06-12 22:02:27,991 [INFO] from com.jpro.internal.stats.ViewInfo$ in JavaFX Application Thread - averageJitter  : 00:00:00.001  
2026-06-12 22:02:27,991 [INFO] from com.jpro.internal.stats.ViewInfo$ in JavaFX Application Thread - framerateServer: 00:00:00.000
2026-06-12 22:02:27,992 [INFO] from com.jpro.internal.stats.ViewInfo$ in JavaFX Application Thread - framerateClient: 00:00:00.000
2026-06-12 22:02:27,992 [INFO] from com.jpro.internal.stats.ViewInfo$ in JavaFX Application Thread - raw            : 847598
2026-06-12 22:02:27,992 [INFO] from com.jpro.internal.stats.ViewInfo$ in JavaFX Application Thread - zipped         : 102211
2026-06-12 22:02:27,992 [INFO] from com.jpro.internal.stats.ViewInfo$ in JavaFX Application Thread - 
2026-06-12 22:02:28,044 [INFO] from com.jpro.internal.server.JProWSEndpoint in [0x12c4795c 0x3a3cc5bc] WebServer socket - application requested: default params: Map()
2026-06-12 22:02:28,044 [INFO] from com.jpro.internal.server.JProWSEndpoint in [0x12c4795c 0x3a3cc5bc] WebServer socket - Creating Application: default
2026-06-12 22:02:28,044 [INFO] from com.jpro.internal.server.JProWSEndpoint in [0x12c4795c 0x3a3cc5bc] WebServer socket - remoteAddress 0:0:0:0:0:0:0:1
2026-06-12 22:02:28,044 [INFO] from com.jpro.internal.server.JProWSEndpoint in [0x12c4795c 0x3a3cc5bc] WebServer socket - host          
2026-06-12 22:02:28,044 [INFO] from com.jpro.internal.server.JProWSEndpoint in [0x12c4795c 0x3a3cc5bc] WebServer socket - uri           /app/ws/default
2026-06-12 22:02:28,045 [INFO] from com.jpro.internal.server.JProWSEndpoint in [0x12c4795c 0x3a3cc5bc] WebServer socket - Application found.
2026-06-12 22:02:28,048 [INFO] from com.jpro.internal.server.JProWSEndpoint in [0x12c4795c 0x3a3cc5bc] WebServer socket - Handshake received: JSFILE_ID_REPLACED_BY_PLAY
2026-06-12 22:02:28,055 [INFO] from com.jpro.internal.stats.ViewInfo$ in JavaFX Application Thread - [JPro] -> View created: {app_name: default, host_name: localhost:8080, instance_id: sj35jimt20ty0cyulbhj4gsk, browser: Safari 605.1.15, browser_url: http://localhost:8080/, client_ip: 0:0:0:0:0:0:0:1}
2026-06-12 22:02:28,117 [INFO] from com.jpro.internal.communicator.InstanceImpl in JavaFX Application Thread - [JPro] -> Instance created: {app_name: default, host_name: localhost:8080, instance_id: sj35jimt20ty0cyulbhj4gsk, browser: Safari 605.1.15, browser_url: http://localhost:8080/, client_ip: 0:0:0:0:0:0:0:1}
2026-06-12 22:02:28,974 [INFO] from com.jpro.internal.communicator.InstanceImpl in JavaFX Application Thread - [JPro] -> Instance closed: {app_name: default, host_name: localhost:8080, instance_id: 8u7gm7tpbmijn77e411tim2eh, browser: Safari 605.1.15, browser_url: http://localhost:8080/, client_ip: 0:0:0:0:0:0:0:1, reason: close-tab-closed}
2026-06-12 22:04:01,825 [INFO] from com.jpro.meta.tk.SceneInputListener in JavaFX Application Thread - Window 'Recipe Manager - Purple Pink JavaFX Frontend' is disabled probably due to other modal window, skipping input: MouseEventToken(MousePressed,1203.2455183095653,733.0472176705932,MouseButtonToken(3),false,false,false,false,false,false,false,false)
2026-06-12 22:04:02,654 [INFO] from com.jpro.internal.server.JProWSEndpoint in [0x12c4795c 0x3a3cc5bc] WebServer socket - Frame received after poison, ignoring
2026-06-12 22:04:02,654 [INFO] from com.jpro.internal.server.JProWSEndpoint in [0x12c4795c 0x3a3cc5bc] WebServer socket - WebSocket for [default] closed: 1000 – tab-closed
2026-06-12 22:04:02,654 [INFO] from com.jpro.internal.stats.ViewInfo$ in JavaFX Application Thread - [JPro] -> View closed: {app_name: default, host_name: localhost:8080, instance_id: sj35jimt20ty0cyulbhj4gsk, browser: Safari 605.1.15, browser_url: http://localhost:8080/, client_ip: 0:0:0:0:0:0:0:1, reason: tab-closed}
2026-06-12 22:04:02,665 [INFO] from com.jpro.internal.stats.ViewInfo$ in JavaFX Application Thread - 
2026-06-12 22:04:02,665 [INFO] from com.jpro.internal.stats.ViewInfo$ in JavaFX Application Thread - Application closed:
2026-06-12 22:04:02,665 [INFO] from com.jpro.internal.stats.ViewInfo$ in JavaFX Application Thread - startTime      : Fri Jun 12 22:04:02 GMT+06:00 2026      
2026-06-12 22:04:02,665 [INFO] from com.jpro.internal.stats.ViewInfo$ in JavaFX Application Thread - averageLatency : 00:00:00.002 
2026-06-12 22:04:02,665 [INFO] from com.jpro.internal.stats.ViewInfo$ in JavaFX Application Thread - averageJitter  : 00:00:00.001  
2026-06-12 22:04:02,666 [INFO] from com.jpro.internal.stats.ViewInfo$ in JavaFX Application Thread - framerateServer: 00:00:00.000
2026-06-12 22:04:02,666 [INFO] from com.jpro.internal.stats.ViewInfo$ in JavaFX Application Thread - framerateClient: 00:00:00.000
2026-06-12 22:04:02,666 [INFO] from com.jpro.internal.stats.ViewInfo$ in JavaFX Application Thread - raw            : 1953442
2026-06-12 22:04:02,666 [INFO] from com.jpro.internal.stats.ViewInfo$ in JavaFX Application Thread - zipped         : 268494
2026-06-12 22:04:02,666 [INFO] from com.jpro.internal.stats.ViewInfo$ in JavaFX Application Thread - 
2026-06-12 22:04:02,749 [INFO] from com.jpro.internal.server.JProWSEndpoint in [0x12c4795c 0x74025d8f] WebServer socket - application requested: default params: Map()
2026-06-12 22:04:02,749 [INFO] from com.jpro.internal.server.JProWSEndpoint in [0x12c4795c 0x74025d8f] WebServer socket - Creating Application: default
2026-06-12 22:04:02,749 [INFO] from com.jpro.internal.server.JProWSEndpoint in [0x12c4795c 0x74025d8f] WebServer socket - remoteAddress 0:0:0:0:0:0:0:1
2026-06-12 22:04:02,749 [INFO] from com.jpro.internal.server.JProWSEndpoint in [0x12c4795c 0x74025d8f] WebServer socket - host          
2026-06-12 22:04:02,749 [INFO] from com.jpro.internal.server.JProWSEndpoint in [0x12c4795c 0x74025d8f] WebServer socket - uri           /app/ws/default
2026-06-12 22:04:02,749 [INFO] from com.jpro.internal.server.JProWSEndpoint in [0x12c4795c 0x74025d8f] WebServer socket - Application found.
2026-06-12 22:04:02,751 [INFO] from com.jpro.internal.server.JProWSEndpoint in [0x12c4795c 0x74025d8f] WebServer socket - Handshake received: JSFILE_ID_REPLACED_BY_PLAY
2026-06-12 22:04:02,757 [INFO] from com.jpro.internal.stats.ViewInfo$ in JavaFX Application Thread - [JPro] -> View created: {app_name: default, host_name: localhost:8080, instance_id: d46fg70g7hwlt1bb2ctwubb11, browser: Safari 605.1.15, browser_url: http://localhost:8080/, client_ip: 0:0:0:0:0:0:0:1}
2026-06-12 22:04:02,792 [INFO] from com.jpro.internal.communicator.InstanceImpl in JavaFX Application Thread - [JPro] -> Instance created: {app_name: default, host_name: localhost:8080, instance_id: d46fg70g7hwlt1bb2ctwubb11, browser: Safari 605.1.15, browser_url: http://localhost:8080/, client_ip: 0:0:0:0:0:0:0:1}
2026-06-12 22:04:03,662 [INFO] from com.jpro.internal.communicator.InstanceImpl in JavaFX Application Thread - [JPro] -> Instance closed: {app_name: default, host_name: localhost:8080, instance_id: sj35jimt20ty0cyulbhj4gsk, browser: Safari 605.1.15, browser_url: http://localhost:8080/, client_ip: 0:0:0:0:0:0:0:1, reason: close-tab-closed}
2026-06-12 22:04:07,549 [INFO] from com.jpro.meta.tk.SceneInputListener in JavaFX Application Thread - Window 'Recipe Manager - Purple Pink JavaFX Frontend' is disabled probably due to other modal window, skipping input: MouseEventToken(MousePressed,1547.6292428488043,777.3061413675254,MouseButtonToken(3),false,false,false,false,false,true,false,false)
2026-06-12 22:04:07,823 [INFO] from com.jpro.meta.tk.SceneInputListener in JavaFX Application Thread - Window 'Recipe Manager - Purple Pink JavaFX Frontend' is disabled probably due to other modal window, skipping input: MouseEventToken(MousePressed,1547.6292428488043,777.3061413675254,MouseButtonToken(3),false,false,false,false,false,true,false,false)
2026-06-12 22:04:08,106 [INFO] from com.jpro.meta.tk.SceneInputListener in JavaFX Application Thread - Window 'Recipe Manager - Purple Pink JavaFX Frontend' is disabled probably due to other modal window, skipping input: MouseEventToken(MousePressed,1547.6292428488043,777.3061413675254,MouseButtonToken(3),false,false,false,false,false,true,false,false)
2026-06-12 22:04:08,331 [INFO] from com.jpro.meta.tk.SceneInputListener in JavaFX Application Thread - Window 'Recipe Manager - Purple Pink JavaFX Frontend' is disabled probably due to other modal window, skipping input: MouseEventToken(MousePressed,1547.6292428488043,777.3061413675254,MouseButtonToken(3),false,false,false,false,false,true,false,false)
2026-06-12 22:04:08,568 [INFO] from com.jpro.meta.tk.SceneInputListener in JavaFX Application Thread - Window 'Recipe Manager - Purple Pink JavaFX Frontend' is disabled probably due to other modal window, skipping input: MouseEventToken(MousePressed,1547.6292428488043,777.3061413675254,MouseButtonToken(3),false,false,false,false,false,true,false,false)
2026-06-12 22:04:08,763 [INFO] from com.jpro.meta.tk.SceneInputListener in JavaFX Application Thread - Window 'Recipe Manager - Purple Pink JavaFX Frontend' is disabled probably due to other modal window, skipping input: MouseEventToken(MousePressed,1547.6292428488043,777.3061413675254,MouseButtonToken(3),false,false,false,false,false,true,false,false)
2026-06-12 22:04:08,930 [INFO] from com.jpro.meta.tk.SceneInputListener in JavaFX Application Thread - Window 'Recipe Manager - Purple Pink JavaFX Frontend' is disabled probably due to other modal window, skipping input: MouseEventToken(MousePressed,1547.6292428488043,777.3061413675254,MouseButtonToken(3),false,false,false,false,false,true,false,false)
2026-06-12 22:04:09,584 [INFO] from com.jpro.meta.tk.SceneInputListener in JavaFX Application Thread - Window 'Recipe Manager - Purple Pink JavaFX Frontend' is disabled probably due to other modal window, skipping input: MouseEventToken(MousePressed,1549.729366038474,777.3061413675254,MouseButtonToken(3),false,false,false,false,false,true,false,false)
2026-06-12 22:04:09,897 [INFO] from com.jpro.meta.tk.SceneInputListener in JavaFX Application Thread - Window 'Recipe Manager - Purple Pink JavaFX Frontend' is disabled probably due to other modal window, skipping input: MouseEventToken(MousePressed,1549.729366038474,777.4624780813965,MouseButtonToken(3),false,false,false,false,false,true,false,false)
2026-06-12 22:04:10,084 [INFO] from com.jpro.meta.tk.SceneInputListener in JavaFX Application Thread - Window 'Recipe Manager - Purple Pink JavaFX Frontend' is disabled probably due to other modal window, skipping input: MouseEventToken(MousePressed,1549.729366038474,777.4624780813965,MouseButtonToken(3),false,false,false,false,false,true,false,false)
2026-06-12 22:04:10,882 [INFO] from com.jpro.meta.tk.SceneInputListener in JavaFX Application Thread - Window 'Recipe Manager - Purple Pink JavaFX Frontend' is disabled probably due to other modal window, skipping input: MouseEventToken(MousePressed,1615.4533205499197,776.920510806643,MouseButtonToken(3),false,false,false,false,false,true,false,false)
2026-06-12 22:04:11,666 [INFO] from com.jpro.meta.tk.SceneInputListener in JavaFX Application Thread - Window 'Recipe Manager - Purple Pink JavaFX Frontend' is disabled probably due to other modal window, skipping input: MouseEventToken(MousePressed,1615.4533205499197,776.920510806643,MouseButtonToken(3),false,false,false,false,false,true,false,false)
2026-06-12 22:04:11,896 [INFO] from com.jpro.meta.tk.SceneInputListener in JavaFX Application Thread - Window 'Recipe Manager - Purple Pink JavaFX Frontend' is disabled probably due to other modal window, skipping input: MouseEventToken(MousePressed,1615.4533205499197,776.920510806643,MouseButtonToken(3),false,false,false,false,false,true,false,false)
2026-06-12 22:04:12,803 [INFO] from com.jpro.meta.tk.SceneInputListener in JavaFX Application Thread - Window 'Recipe Manager - Purple Pink JavaFX Frontend' is disabled probably due to other modal window, skipping input: MouseEventToken(MousePressed,1631.3214970078448,776.1805170276527,MouseButtonToken(3),false,false,false,false,false,true,false,false)
2026-06-12 22:04:13,285 [INFO] from com.jpro.meta.tk.SceneInputListener in JavaFX Application Thread - Window 'Recipe Manager - Purple Pink JavaFX Frontend' is disabled probably due to other modal window, skipping input: MouseEventToken(MousePressed,1631.3214970078448,776.1805170276527,MouseButtonToken(3),false,false,false,false,false,true,false,false)
2026-06-12 22:04:13,581 [INFO] from com.jpro.meta.tk.SceneInputListener in JavaFX Application Thread - Window 'Recipe Manager - Purple Pink JavaFX Frontend' is disabled probably due to other modal window, skipping input: MouseEventToken(MousePressed,1631.3214970078448,776.1805170276527,MouseButtonToken(3),false,false,false,false,false,true,false,false)
2026-06-12 22:04:16,149 [INFO] from com.jpro.meta.tk.SceneInputListener in JavaFX Application Thread - Window 'Recipe Manager - Purple Pink JavaFX Frontend' is disabled probably due to other modal window, skipping input: MouseEventToken(MousePressed,642.02798285479,146.76890698226725,MouseButtonToken(3),false,false,false,false,false,true,false,false)
2026-06-12 22:04:16,650 [INFO] from com.jpro.meta.tk.SceneInputListener in JavaFX Application Thread - Window 'Recipe Manager - Purple Pink JavaFX Frontend' is disabled probably due to other modal window, skipping input: MouseEventToken(MousePressed,667.7922733007612,152.56899906688815,MouseButtonToken(3),false,false,false,false,false,true,false,false)
2026-06-12 22:04:17,873 [INFO] from com.jpro.meta.tk.SceneInputListener in JavaFX Application Thread - Window 'Recipe Manager - Purple Pink JavaFX Frontend' is disabled probably due to other modal window, skipping input: MouseEventToken(MousePressed,441.16136164929753,149.56212293676572,MouseButtonToken(3),false,false,false,false,false,true,false,false)
2026-06-12 22:04:19,083 [INFO] from com.jpro.meta.tk.SceneInputListener in JavaFX Application Thread - Window 'Recipe Manager - Purple Pink JavaFX Frontend' is disabled probably due to other modal window, skipping input: MouseEventToken(MousePressed,270.51983845890055,149.64029129370132,MouseButtonToken(3),false,false,false,false,false,true,false,false)
2026-06-12 22:04:19,652 [INFO] from com.jpro.meta.tk.SceneInputListener in JavaFX Application Thread - Window 'Recipe Manager - Purple Pink JavaFX Frontend' is disabled probably due to other modal window, skipping input: MouseEventToken(MousePressed,274.3083981583789,158.26486667559496,MouseButtonToken(3),false,false,false,false,false,true,false,false)
2026-06-12 22:04:20,091 [INFO] from com.jpro.meta.tk.SceneInputListener in JavaFX Application Thread - Window 'Recipe Manager - Purple Pink JavaFX Frontend' is disabled probably due to other modal window, skipping input: MouseEventToken(MousePressed,274.3083981583789,154.8046140752461,MouseButtonToken(3),false,false,false,false,false,true,false,false)
2026-06-12 22:04:24,368 [INFO] from com.jpro.meta.tk.SceneInputListener in JavaFX Application Thread - Window 'Recipe Manager - Purple Pink JavaFX Frontend' is disabled probably due to other modal window, skipping input: MouseEventToken(MousePressed,267.0647970823474,150.0415555259707,MouseButtonToken(3),false,false,false,false,false,true,false,false)
2026-06-12 22:04:29,768 [INFO] from com.jpro.meta.tk.SceneInputListener in JavaFX Application Thread - Window 'Recipe Manager - Purple Pink JavaFX Frontend' is disabled probably due to other modal window, skipping input: MouseEventToken(MousePressed,271.10870674781535,155.87812617716156,MouseButtonToken(3),false,false,false,false,false,true,false,false)
2026-06-12 22:04:32,820 [INFO] from com.jpro.meta.tk.SceneInputListener in JavaFX Application Thread - Window 'Recipe Manager - Purple Pink JavaFX Frontend' is disabled probably due to other modal window, skipping input: MouseEventToken(MousePressed,1585.191743968254,739.8843432905596,MouseButtonToken(3),false,false,false,false,false,true,false,false)
2026-06-12 22:04:35,149 [INFO] from com.jpro.meta.tk.SceneInputListener in JavaFX Application Thread - Window 'Recipe Manager - Purple Pink JavaFX Frontend' is disabled probably due to other modal window, skipping input: MouseEventToken(MousePressed,1581.7783923820666,739.0713923784294,MouseButtonToken(3),false,false,false,false,false,true,false,false)
2026-06-12 22:04:36,116 [INFO] from com.jpro.meta.tk.SceneInputListener in JavaFX Application Thread - Window 'Recipe Manager - Purple Pink JavaFX Frontend' is disabled probably due to other modal window, skipping input: MouseEventToken(MousePressed,1581.7783923820666,738.7587189506871,MouseButtonToken(3),false,false,false,false,false,true,false,false)
2026-06-12 22:04:36,848 [INFO] from com.jpro.meta.tk.SceneInputListener in JavaFX Application Thread - Window 'Recipe Manager - Purple Pink JavaFX Frontend' is disabled probably due to other modal window, skipping input: MouseEventToken(MousePressed,1615.5992348161994,814.1338599317805,MouseButtonToken(3),false,false,false,false,false,true,false,false)
2026-06-12 22:04:37,755 [INFO] from com.jpro.meta.tk.SceneInputListener in JavaFX Application Thread - Window 'Recipe Manager - Purple Pink JavaFX Frontend' is disabled probably due to other modal window, skipping input: MouseEventToken(MousePressed,1615.5992348161994,814.1338599317805,MouseButtonToken(3),false,false,false,false,false,true,false,false)
2026-06-12 22:04:40,130 [INFO] from com.jpro.internal.server.JProWSEndpoint in [0x12c4795c 0x74025d8f] WebServer socket - Frame received after poison, ignoring
2026-06-12 22:04:40,131 [INFO] from com.jpro.internal.stats.ViewInfo$ in JavaFX Application Thread - [JPro] -> View closed: {app_name: default, host_name: localhost:8080, instance_id: d46fg70g7hwlt1bb2ctwubb11, browser: Safari 605.1.15, browser_url: http://localhost:8080/, client_ip: 0:0:0:0:0:0:0:1, reason: tab-closed}
2026-06-12 22:04:40,131 [INFO] from com.jpro.internal.server.JProWSEndpoint in [0x12c4795c 0x74025d8f] WebServer socket - WebSocket for [default] closed: 1000 – tab-closed
2026-06-12 22:04:40,141 [INFO] from com.jpro.internal.stats.ViewInfo$ in JavaFX Application Thread - 
2026-06-12 22:04:40,141 [INFO] from com.jpro.internal.stats.ViewInfo$ in JavaFX Application Thread - Application closed:
2026-06-12 22:04:40,141 [INFO] from com.jpro.internal.stats.ViewInfo$ in JavaFX Application Thread - startTime      : Fri Jun 12 22:04:40 GMT+06:00 2026      
2026-06-12 22:04:40,141 [INFO] from com.jpro.internal.stats.ViewInfo$ in JavaFX Application Thread - averageLatency : 00:00:00.002 
2026-06-12 22:04:40,141 [INFO] from com.jpro.internal.stats.ViewInfo$ in JavaFX Application Thread - averageJitter  : 00:00:00.000  
2026-06-12 22:04:40,141 [INFO] from com.jpro.internal.stats.ViewInfo$ in JavaFX Application Thread - framerateServer: 00:00:00.000
2026-06-12 22:04:40,141 [INFO] from com.jpro.internal.stats.ViewInfo$ in JavaFX Application Thread - framerateClient: 00:00:00.000
2026-06-12 22:04:40,142 [INFO] from com.jpro.internal.stats.ViewInfo$ in JavaFX Application Thread - raw            : 775334
2026-06-12 22:04:40,142 [INFO] from com.jpro.internal.stats.ViewInfo$ in JavaFX Application Thread - zipped         : 89070
2026-06-12 22:04:40,142 [INFO] from com.jpro.internal.stats.ViewInfo$ in JavaFX Application Thread - 
2026-06-12 22:04:40,201 [INFO] from com.jpro.internal.server.JProWSEndpoint in [0x12c4795c 0x398997d2] WebServer socket - application requested: default params: Map()
2026-06-12 22:04:40,201 [INFO] from com.jpro.internal.server.JProWSEndpoint in [0x12c4795c 0x398997d2] WebServer socket - Creating Application: default
2026-06-12 22:04:40,201 [INFO] from com.jpro.internal.server.JProWSEndpoint in [0x12c4795c 0x398997d2] WebServer socket - remoteAddress 0:0:0:0:0:0:0:1
2026-06-12 22:04:40,201 [INFO] from com.jpro.internal.server.JProWSEndpoint in [0x12c4795c 0x398997d2] WebServer socket - host          
2026-06-12 22:04:40,201 [INFO] from com.jpro.internal.server.JProWSEndpoint in [0x12c4795c 0x398997d2] WebServer socket - uri           /app/ws/default
2026-06-12 22:04:40,201 [INFO] from com.jpro.internal.server.JProWSEndpoint in [0x12c4795c 0x398997d2] WebServer socket - Application found.
2026-06-12 22:04:40,203 [INFO] from com.jpro.internal.server.JProWSEndpoint in [0x12c4795c 0x398997d2] WebServer socket - Handshake received: JSFILE_ID_REPLACED_BY_PLAY
2026-06-12 22:04:40,209 [INFO] from com.jpro.internal.stats.ViewInfo$ in JavaFX Application Thread - [JPro] -> View created: {app_name: default, host_name: localhost:8080, instance_id: 1me6n9omux8tft86qas9yride, browser: Safari 605.1.15, browser_url: http://localhost:8080/, client_ip: 0:0:0:0:0:0:0:1}
2026-06-12 22:04:40,260 [INFO] from com.jpro.internal.communicator.InstanceImpl in JavaFX Application Thread - [JPro] -> Instance created: {app_name: default, host_name: localhost:8080, instance_id: 1me6n9omux8tft86qas9yride, browser: Safari 605.1.15, browser_url: http://localhost:8080/, client_ip: 0:0:0:0:0:0:0:1}
2026-06-12 22:04:41,131 [INFO] from com.jpro.internal.communicator.InstanceImpl in JavaFX Application Thread - [JPro] -> Instance closed: {app_name: default, host_name: localhost:8080, instance_id: d46fg70g7hwlt1bb2ctwubb11, browser: Safari 605.1.15, browser_url: http://localhost:8080/, client_ip: 0:0:0:0:0:0:0:1, reason: close-tab-closed}
2026-06-12 22:04:47,250 [INFO] from com.jpro.meta.tk.SceneInputListener in JavaFX Application Thread - Window 'Recipe Manager - Purple Pink JavaFX Frontend' is disabled probably due to other modal window, skipping input: MouseEventToken(MousePressed,1622.5874859262412,777.2644515771597,MouseButtonToken(3),false,false,false,false,false,true,false,false)
2026-06-12 22:04:48,358 [INFO] from com.jpro.meta.tk.SceneInputListener in JavaFX Application Thread - Window 'Recipe Manager - Purple Pink JavaFX Frontend' is disabled probably due to other modal window, skipping input: MouseEventToken(MousePressed,1622.5874859262412,777.2644515771597,MouseButtonToken(3),false,false,false,false,false,true,false,false)
2026-06-12 22:04:48,623 [INFO] from com.jpro.meta.tk.SceneInputListener in JavaFX Application Thread - Window 'Recipe Manager - Purple Pink JavaFX Frontend' is disabled probably due to other modal window, skipping input: MouseEventToken(MousePressed,1622.5874859262412,777.2644515771597,MouseButtonToken(3),false,false,false,false,false,true,false,false)
2026-06-12 22:04:48,888 [INFO] from com.jpro.meta.tk.SceneInputListener in JavaFX Application Thread - Window 'Recipe Manager - Purple Pink JavaFX Frontend' is disabled probably due to other modal window, skipping input: MouseEventToken(MousePressed,1622.5874859262412,777.2644515771597,MouseButtonToken(3),false,false,false,false,false,true,false,false)
2026-06-12 22:04:49,356 [INFO] from com.jpro.meta.tk.SceneInputListener in JavaFX Application Thread - Window 'Recipe Manager - Purple Pink JavaFX Frontend' is disabled probably due to other modal window, skipping input: MouseEventToken(MousePressed,1622.5874859262412,777.2644515771597,MouseButtonToken(3),false,false,false,false,false,true,false,false)
2026-06-12 22:04:51,015 [INFO] from com.jpro.meta.tk.SceneInputListener in JavaFX Application Thread - Window 'Recipe Manager - Purple Pink JavaFX Frontend' is disabled probably due to other modal window, skipping input: MouseEventToken(MousePressed,1620.8469371784754,786.4309942338067,MouseButtonToken(3),false,false,false,false,false,true,false,false)
2026-06-12 22:04:51,649 [INFO] from com.jpro.meta.tk.SceneInputListener in JavaFX Application Thread - Window 'Recipe Manager - Purple Pink JavaFX Frontend' is disabled probably due to other modal window, skipping input: MouseEventToken(MousePressed,1635.5061097157968,819.5170541127449,MouseButtonToken(3),false,false,false,false,false,true,false,false)
2026-06-12 22:04:52,976 [INFO] from com.jpro.internal.server.JProWSEndpoint in [0x12c4795c 0x398997d2] WebServer socket - Frame received after poison, ignoring
2026-06-12 22:04:52,977 [INFO] from com.jpro.internal.server.JProWSEndpoint in [0x12c4795c 0x398997d2] WebServer socket - WebSocket for [default] closed: 1000 – tab-closed
2026-06-12 22:04:52,977 [INFO] from com.jpro.internal.stats.ViewInfo$ in JavaFX Application Thread - [JPro] -> View closed: {app_name: default, host_name: localhost:8080, instance_id: 1me6n9omux8tft86qas9yride, browser: Safari 605.1.15, browser_url: http://localhost:8080/, client_ip: 0:0:0:0:0:0:0:1, reason: tab-closed}
2026-06-12 22:04:52,983 [INFO] from com.jpro.internal.stats.ViewInfo$ in JavaFX Application Thread - 
2026-06-12 22:04:52,983 [INFO] from com.jpro.internal.stats.ViewInfo$ in JavaFX Application Thread - Application closed:
2026-06-12 22:04:52,983 [INFO] from com.jpro.internal.stats.ViewInfo$ in JavaFX Application Thread - startTime      : Fri Jun 12 22:04:52 GMT+06:00 2026      
2026-06-12 22:04:52,983 [INFO] from com.jpro.internal.stats.ViewInfo$ in JavaFX Application Thread - averageLatency : 00:00:00.011 
2026-06-12 22:04:52,983 [INFO] from com.jpro.internal.stats.ViewInfo$ in JavaFX Application Thread - averageJitter  : 00:00:00.016  
2026-06-12 22:04:52,983 [INFO] from com.jpro.internal.stats.ViewInfo$ in JavaFX Application Thread - framerateServer: 00:00:00.000
2026-06-12 22:04:52,983 [INFO] from com.jpro.internal.stats.ViewInfo$ in JavaFX Application Thread - framerateClient: 00:00:00.000
2026-06-12 22:04:52,983 [INFO] from com.jpro.internal.stats.ViewInfo$ in JavaFX Application Thread - raw            : 715348
2026-06-12 22:04:52,983 [INFO] from com.jpro.internal.stats.ViewInfo$ in JavaFX Application Thread - zipped         : 78173
2026-06-12 22:04:52,983 [INFO] from com.jpro.internal.stats.ViewInfo$ in JavaFX Application Thread - 
2026-06-12 22:04:53,040 [INFO] from com.jpro.internal.server.JProWSEndpoint in [0x12c4795c 0x7998a149] WebServer socket - application requested: default params: Map()
2026-06-12 22:04:53,040 [INFO] from com.jpro.internal.server.JProWSEndpoint in [0x12c4795c 0x7998a149] WebServer socket - Creating Application: default
2026-06-12 22:04:53,040 [INFO] from com.jpro.internal.server.JProWSEndpoint in [0x12c4795c 0x7998a149] WebServer socket - remoteAddress 0:0:0:0:0:0:0:1
2026-06-12 22:04:53,040 [INFO] from com.jpro.internal.server.JProWSEndpoint in [0x12c4795c 0x7998a149] WebServer socket - host          
2026-06-12 22:04:53,040 [INFO] from com.jpro.internal.server.JProWSEndpoint in [0x12c4795c 0x7998a149] WebServer socket - uri           /app/ws/default
2026-06-12 22:04:53,040 [INFO] from com.jpro.internal.server.JProWSEndpoint in [0x12c4795c 0x7998a149] WebServer socket - Application found.
2026-06-12 22:04:53,042 [INFO] from com.jpro.internal.server.JProWSEndpoint in [0x12c4795c 0x7998a149] WebServer socket - Handshake received: JSFILE_ID_REPLACED_BY_PLAY
2026-06-12 22:04:53,048 [INFO] from com.jpro.internal.stats.ViewInfo$ in JavaFX Application Thread - [JPro] -> View created: {app_name: default, host_name: localhost:8080, instance_id: d45oiw9eeykbk2jlyzsi1el9p, browser: Safari 605.1.15, browser_url: http://localhost:8080/, client_ip: 0:0:0:0:0:0:0:1}
2026-06-12 22:04:53,095 [INFO] from com.jpro.internal.communicator.InstanceImpl in JavaFX Application Thread - [JPro] -> Instance created: {app_name: default, host_name: localhost:8080, instance_id: d45oiw9eeykbk2jlyzsi1el9p, browser: Safari 605.1.15, browser_url: http://localhost:8080/, client_ip: 0:0:0:0:0:0:0:1}
2026-06-12 22:04:53,982 [INFO] from com.jpro.internal.communicator.InstanceImpl in JavaFX Application Thread - [JPro] -> Instance closed: {app_name: default, host_name: localhost:8080, instance_id: 1me6n9omux8tft86qas9yride, browser: Safari 605.1.15, browser_url: http://localhost:8080/, client_ip: 0:0:0:0:0:0:0:1, reason: close-tab-closed}
2026-06-12 22:04:58,966 [INFO] from com.jpro.meta.tk.SceneInputListener in JavaFX Application Thread - Window 'Recipe Manager - Purple Pink JavaFX Frontend' is disabled probably due to other modal window, skipping input: MouseEventToken(MousePressed,1556.5821253298275,781.3813183757675,MouseButtonToken(3),false,false,false,false,false,true,false,false)
2026-06-12 22:04:59,273 [INFO] from com.jpro.meta.tk.SceneInputListener in JavaFX Application Thread - Window 'Recipe Manager - Purple Pink JavaFX Frontend' is disabled probably due to other modal window, skipping input: MouseEventToken(MousePressed,1556.5821253298275,781.3813183757675,MouseButtonToken(3),false,false,false,false,false,true,false,false)
2026-06-12 22:04:59,505 [INFO] from com.jpro.meta.tk.SceneInputListener in JavaFX Application Thread - Window 'Recipe Manager - Purple Pink JavaFX Frontend' is disabled probably due to other modal window, skipping input: MouseEventToken(MousePressed,1556.5821253298275,781.3813183757675,MouseButtonToken(3),false,false,false,false,false,true,false,false)
2026-06-12 22:04:59,726 [INFO] from com.jpro.meta.tk.SceneInputListener in JavaFX Application Thread - Window 'Recipe Manager - Purple Pink JavaFX Frontend' is disabled probably due to other modal window, skipping input: MouseEventToken(MousePressed,1556.5821253298275,781.3813183757675,MouseButtonToken(3),false,false,false,false,false,true,false,false)
2026-06-12 22:05:00,649 [INFO] from com.jpro.meta.tk.SceneInputListener in JavaFX Application Thread - Window 'Recipe Manager - Purple Pink JavaFX Frontend' is disabled probably due to other modal window, skipping input: MouseEventToken(MousePressed,1577.2081491132324,781.7408928176712,MouseButtonToken(3),false,false,false,false,false,true,false,false)
2026-06-12 22:05:01,739 [INFO] from com.jpro.meta.tk.SceneInputListener in JavaFX Application Thread - Window 'Recipe Manager - Purple Pink JavaFX Frontend' is disabled probably due to other modal window, skipping input: MouseEventToken(MousePressed,1595.6663037976234,819.9183183450143,MouseButtonToken(3),false,false,false,false,false,true,false,false)
2026-06-12 22:05:02,445 [INFO] from com.jpro.meta.tk.SceneInputListener in JavaFX Application Thread - Window 'Recipe Manager - Purple Pink JavaFX Frontend' is disabled probably due to other modal window, skipping input: MouseEventToken(MousePressed,1609.575060108363,787.8119685396689,MouseButtonToken(3),false,false,false,false,false,true,false,false)
2026-06-12 22:05:02,869 [INFO] from com.jpro.meta.tk.SceneInputListener in JavaFX Application Thread - Window 'Recipe Manager - Purple Pink JavaFX Frontend' is disabled probably due to other modal window, skipping input: MouseEventToken(MousePressed,1609.575060108363,768.8639588184814,MouseButtonToken(3),false,false,false,false,false,true,false,false)
2026-06-12 22:05:04,081 [INFO] from com.jpro.meta.tk.SceneInputListener in JavaFX Application Thread - Window 'Recipe Manager - Purple Pink JavaFX Frontend' is disabled probably due to other modal window, skipping input: MouseEventToken(MousePressed,1064.4497837347285,445.73160491813184,MouseButtonToken(3),false,false,false,false,false,true,false,false)
2026-06-12 22:05:05,618 [INFO] from com.jpro.meta.tk.SceneInputListener in JavaFX Application Thread - Window 'Recipe Manager - Purple Pink JavaFX Frontend' is disabled probably due to other modal window, skipping input: MouseEventToken(MousePressed,1506.4293075199519,772.2251981667118,MouseButtonToken(3),false,false,false,false,false,true,false,false)
2026-06-12 22:05:07,092 [INFO] from com.jpro.internal.server.JProWSEndpoint in [0x12c4795c 0x7998a149] WebServer socket - Frame received after poison, ignoring
2026-06-12 22:05:07,092 [INFO] from com.jpro.internal.server.JProWSEndpoint in [0x12c4795c 0x7998a149] WebServer socket - WebSocket for [default] closed: 1000 – tab-closed
2026-06-12 22:05:07,092 [INFO] from com.jpro.internal.stats.ViewInfo$ in JavaFX Application Thread - [JPro] -> View closed: {app_name: default, host_name: localhost:8080, instance_id: d45oiw9eeykbk2jlyzsi1el9p, browser: Safari 605.1.15, browser_url: http://localhost:8080/, client_ip: 0:0:0:0:0:0:0:1, reason: tab-closed}
2026-06-12 22:05:07,102 [INFO] from com.jpro.internal.stats.ViewInfo$ in JavaFX Application Thread - 
2026-06-12 22:05:07,102 [INFO] from com.jpro.internal.stats.ViewInfo$ in JavaFX Application Thread - Application closed:
2026-06-12 22:05:07,102 [INFO] from com.jpro.internal.stats.ViewInfo$ in JavaFX Application Thread - startTime      : Fri Jun 12 22:05:07 GMT+06:00 2026      
2026-06-12 22:05:07,102 [INFO] from com.jpro.internal.stats.ViewInfo$ in JavaFX Application Thread - averageLatency : 00:00:00.010 
2026-06-12 22:05:07,102 [INFO] from com.jpro.internal.stats.ViewInfo$ in JavaFX Application Thread - averageJitter  : 00:00:00.014  
2026-06-12 22:05:07,102 [INFO] from com.jpro.internal.stats.ViewInfo$ in JavaFX Application Thread - framerateServer: 00:00:00.000
2026-06-12 22:05:07,102 [INFO] from com.jpro.internal.stats.ViewInfo$ in JavaFX Application Thread - framerateClient: 00:00:00.000
2026-06-12 22:05:07,102 [INFO] from com.jpro.internal.stats.ViewInfo$ in JavaFX Application Thread - raw            : 729590
2026-06-12 22:05:07,102 [INFO] from com.jpro.internal.stats.ViewInfo$ in JavaFX Application Thread - zipped         : 80712
2026-06-12 22:05:07,102 [INFO] from com.jpro.internal.stats.ViewInfo$ in JavaFX Application Thread - 
2026-06-12 22:05:07,130 [INFO] from com.jpro.internal.server.JProWSEndpoint in [0x12c4795c 0x3e1815b2] WebServer socket - application requested: default params: Map()
2026-06-12 22:05:07,131 [INFO] from com.jpro.internal.server.JProWSEndpoint in [0x12c4795c 0x3e1815b2] WebServer socket - Creating Application: default
2026-06-12 22:05:07,131 [INFO] from com.jpro.internal.server.JProWSEndpoint in [0x12c4795c 0x3e1815b2] WebServer socket - remoteAddress 0:0:0:0:0:0:0:1
2026-06-12 22:05:07,131 [INFO] from com.jpro.internal.server.JProWSEndpoint in [0x12c4795c 0x3e1815b2] WebServer socket - host          
2026-06-12 22:05:07,131 [INFO] from com.jpro.internal.server.JProWSEndpoint in [0x12c4795c 0x3e1815b2] WebServer socket - uri           /app/ws/default
2026-06-12 22:05:07,131 [INFO] from com.jpro.internal.server.JProWSEndpoint in [0x12c4795c 0x3e1815b2] WebServer socket - Application found.
2026-06-12 22:05:07,132 [INFO] from com.jpro.internal.server.JProWSEndpoint in [0x12c4795c 0x3e1815b2] WebServer socket - Handshake received: JSFILE_ID_REPLACED_BY_PLAY
2026-06-12 22:05:07,135 [INFO] from com.jpro.internal.stats.ViewInfo$ in JavaFX Application Thread - [JPro] -> View created: {app_name: default, host_name: localhost:8080, instance_id: smmdtajvtrm1fqvl9g59hfc2, browser: Safari 605.1.15, browser_url: http://localhost:8080/, client_ip: 0:0:0:0:0:0:0:1}
2026-06-12 22:05:07,167 [INFO] from com.jpro.internal.communicator.InstanceImpl in JavaFX Application Thread - [JPro] -> Instance created: {app_name: default, host_name: localhost:8080, instance_id: smmdtajvtrm1fqvl9g59hfc2, browser: Safari 605.1.15, browser_url: http://localhost:8080/, client_ip: 0:0:0:0:0:0:0:1}
2026-06-12 22:05:08,091 [INFO] from com.jpro.internal.communicator.InstanceImpl in JavaFX Application Thread - [JPro] -> Instance closed: {app_name: default, host_name: localhost:8080, instance_id: d45oiw9eeykbk2jlyzsi1el9p, browser: Safari 605.1.15, browser_url: http://localhost:8080/, client_ip: 0:0:0:0:0:0:0:1, reason: close-tab-closed}
2026-06-12 22:05:37,417 [INFO] from com.jpro.meta.tk.SceneInputListener in JavaFX Application Thread - Window 'Recipe Manager - Purple Pink JavaFX Frontend' is disabled probably due to other modal window, skipping input: MouseEventToken(MousePressed,1623.832968413415,777.5458576621278,MouseButtonToken(3),false,false,false,false,false,true,false,false)
2026-06-12 22:05:37,809 [INFO] from com.jpro.meta.tk.SceneInputListener in JavaFX Application Thread - Window 'Recipe Manager - Purple Pink JavaFX Frontend' is disabled probably due to other modal window, skipping input: MouseEventToken(MousePressed,1623.832968413415,777.5458576621278,MouseButtonToken(3),false,false,false,false,false,true,false,false)
2026-06-12 22:05:38,006 [INFO] from com.jpro.meta.tk.SceneInputListener in JavaFX Application Thread - Window 'Recipe Manager - Purple Pink JavaFX Frontend' is disabled probably due to other modal window, skipping input: MouseEventToken(MousePressed,1623.832968413415,777.5458576621278,MouseButtonToken(3),false,false,false,false,false,true,false,false)
2026-06-12 22:05:38,176 [INFO] from com.jpro.meta.tk.SceneInputListener in JavaFX Application Thread - Window 'Recipe Manager - Purple Pink JavaFX Frontend' is disabled probably due to other modal window, skipping input: MouseEventToken(MousePressed,1623.832968413415,777.5458576621278,MouseButtonToken(3),false,false,false,false,false,true,false,false)
2026-06-12 22:05:38,358 [INFO] from com.jpro.meta.tk.SceneInputListener in JavaFX Application Thread - Window 'Recipe Manager - Purple Pink JavaFX Frontend' is disabled probably due to other modal window, skipping input: MouseEventToken(MousePressed,1623.832968413415,777.5458576621278,MouseButtonToken(3),false,false,false,false,false,true,false,false)
2026-06-12 22:05:38,539 [INFO] from com.jpro.meta.tk.SceneInputListener in JavaFX Application Thread - Window 'Recipe Manager - Purple Pink JavaFX Frontend' is disabled probably due to other modal window, skipping input: MouseEventToken(MousePressed,1623.832968413415,777.5458576621278,MouseButtonToken(3),false,false,false,false,false,true,false,false)
2026-06-12 22:05:38,755 [INFO] from com.jpro.meta.tk.SceneInputListener in JavaFX Application Thread - Window 'Recipe Manager - Purple Pink JavaFX Frontend' is disabled probably due to other modal window, skipping input: MouseEventToken(MousePressed,1623.832968413415,777.5458576621278,MouseButtonToken(3),false,false,false,false,false,true,false,false)
2026-06-12 22:05:38,988 [INFO] from com.jpro.meta.tk.SceneInputListener in JavaFX Application Thread - Window 'Recipe Manager - Purple Pink JavaFX Frontend' is disabled probably due to other modal window, skipping input: MouseEventToken(MousePressed,1623.832968413415,777.5458576621278,MouseButtonToken(3),false,false,false,false,false,true,false,false)
2026-06-12 22:05:39,799 [INFO] from com.jpro.meta.tk.SceneInputListener in JavaFX Application Thread - Window 'Recipe Manager - Purple Pink JavaFX Frontend' is disabled probably due to other modal window, skipping input: MouseEventToken(MousePressed,1636.5796218177122,826.005027738399,MouseButtonToken(3),false,false,false,false,false,true,false,false)
2026-06-12 22:05:40,842 [INFO] from com.jpro.meta.tk.SceneInputListener in JavaFX Application Thread - Window 'Recipe Manager - Purple Pink JavaFX Frontend' is disabled probably due to other modal window, skipping input: MouseEventToken(MousePressed,1653.1044124738964,775.0079916736189,MouseButtonToken(3),false,false,false,false,false,true,false,false)
2026-06-12 22:05:41,700 [INFO] from com.jpro.meta.tk.SceneInputListener in JavaFX Application Thread - Window 'Recipe Manager - Purple Pink JavaFX Frontend' is disabled probably due to other modal window, skipping input: MouseEventToken(MousePressed,1645.1051839474874,732.7606003618293,MouseButtonToken(3),false,false,false,false,false,true,false,false)
2026-06-12 22:05:42,476 [INFO] from com.jpro.meta.tk.SceneInputListener in JavaFX Application Thread - Window 'Recipe Manager - Purple Pink JavaFX Frontend' is disabled probably due to other modal window, skipping input: MouseEventToken(MousePressed,1643.786744327174,693.1500882906671,MouseButtonToken(3),false,false,false,false,false,true,false,false)
2026-06-12 22:05:43,753 [INFO] from com.jpro.meta.tk.SceneInputListener in JavaFX Application Thread - Window 'Recipe Manager - Purple Pink JavaFX Frontend' is disabled probably due to other modal window, skipping input: MouseEventToken(MousePressed,1246.9155737175827,649.5946798061553,MouseButtonToken(3),false,false,false,false,false,true,false,false)
2026-06-12 22:05:45,954 [INFO] from com.jpro.internal.server.JProWSEndpoint in [0x12c4795c 0x3e1815b2] WebServer socket - Frame received after poison, ignoring
2026-06-12 22:05:45,954 [INFO] from com.jpro.internal.server.JProWSEndpoint in [0x12c4795c 0x3e1815b2] WebServer socket - WebSocket for [default] closed: 1000 – tab-closed
2026-06-12 22:05:45,954 [INFO] from com.jpro.internal.stats.ViewInfo$ in JavaFX Application Thread - [JPro] -> View closed: {app_name: default, host_name: localhost:8080, instance_id: smmdtajvtrm1fqvl9g59hfc2, browser: Safari 605.1.15, browser_url: http://localhost:8080/, client_ip: 0:0:0:0:0:0:0:1, reason: tab-closed}
2026-06-12 22:05:45,963 [INFO] from com.jpro.internal.stats.ViewInfo$ in JavaFX Application Thread - 
2026-06-12 22:05:45,963 [INFO] from com.jpro.internal.stats.ViewInfo$ in JavaFX Application Thread - Application closed:
2026-06-12 22:05:45,963 [INFO] from com.jpro.internal.stats.ViewInfo$ in JavaFX Application Thread - startTime      : Fri Jun 12 22:05:45 GMT+06:00 2026      
2026-06-12 22:05:45,963 [INFO] from com.jpro.internal.stats.ViewInfo$ in JavaFX Application Thread - averageLatency : 00:00:00.002 
2026-06-12 22:05:45,963 [INFO] from com.jpro.internal.stats.ViewInfo$ in JavaFX Application Thread - averageJitter  : 00:00:00.001  
2026-06-12 22:05:45,963 [INFO] from com.jpro.internal.stats.ViewInfo$ in JavaFX Application Thread - framerateServer: 00:00:00.000
2026-06-12 22:05:45,963 [INFO] from com.jpro.internal.stats.ViewInfo$ in JavaFX Application Thread - framerateClient: 00:00:00.000
2026-06-12 22:05:45,963 [INFO] from com.jpro.internal.stats.ViewInfo$ in JavaFX Application Thread - raw            : 1472801
2026-06-12 22:05:45,963 [INFO] from com.jpro.internal.stats.ViewInfo$ in JavaFX Application Thread - zipped         : 205159
2026-06-12 22:05:45,963 [INFO] from com.jpro.internal.stats.ViewInfo$ in JavaFX Application Thread - 
2026-06-12 22:05:45,990 [INFO] from com.jpro.internal.server.JProWSEndpoint in [0x12c4795c 0x5e8bdba9] WebServer socket - application requested: default params: Map()
2026-06-12 22:05:45,990 [INFO] from com.jpro.internal.server.JProWSEndpoint in [0x12c4795c 0x5e8bdba9] WebServer socket - Creating Application: default
2026-06-12 22:05:45,990 [INFO] from com.jpro.internal.server.JProWSEndpoint in [0x12c4795c 0x5e8bdba9] WebServer socket - remoteAddress 0:0:0:0:0:0:0:1
2026-06-12 22:05:45,990 [INFO] from com.jpro.internal.server.JProWSEndpoint in [0x12c4795c 0x5e8bdba9] WebServer socket - host          
2026-06-12 22:05:45,990 [INFO] from com.jpro.internal.server.JProWSEndpoint in [0x12c4795c 0x5e8bdba9] WebServer socket - uri           /app/ws/default
2026-06-12 22:05:45,990 [INFO] from com.jpro.internal.server.JProWSEndpoint in [0x12c4795c 0x5e8bdba9] WebServer socket - Application found.
2026-06-12 22:05:45,991 [INFO] from com.jpro.internal.server.JProWSEndpoint in [0x12c4795c 0x5e8bdba9] WebServer socket - Handshake received: JSFILE_ID_REPLACED_BY_PLAY
2026-06-12 22:05:45,994 [INFO] from com.jpro.internal.stats.ViewInfo$ in JavaFX Application Thread - [JPro] -> View created: {app_name: default, host_name: localhost:8080, instance_id: 8mx9usqq6bijiicpvk5nmp14v, browser: Safari 605.1.15, browser_url: http://localhost:8080/, client_ip: 0:0:0:0:0:0:0:1}
2026-06-12 22:05:46,022 [INFO] from com.jpro.internal.communicator.InstanceImpl in JavaFX Application Thread - [JPro] -> Instance created: {app_name: default, host_name: localhost:8080, instance_id: 8mx9usqq6bijiicpvk5nmp14v, browser: Safari 605.1.15, browser_url: http://localhost:8080/, client_ip: 0:0:0:0:0:0:0:1}
2026-06-12 22:05:46,957 [INFO] from com.jpro.internal.communicator.InstanceImpl in JavaFX Application Thread - [JPro] -> Instance closed: {app_name: default, host_name: localhost:8080, instance_id: smmdtajvtrm1fqvl9g59hfc2, browser: Safari 605.1.15, browser_url: http://localhost:8080/, client_ip: 0:0:0:0:0:0:0:1, reason: close-tab-closed}
2026-06-12 22:05:51,655 [INFO] from com.jpro.meta.tk.SceneInputListener in JavaFX Application Thread - Window 'Recipe Manager - Purple Pink JavaFX Frontend' is disabled probably due to other modal window, skipping input: MouseEventToken(MousePressed,1547.9679723955253,232.07664051797647,MouseButtonToken(3),false,false,false,false,false,true,false,false)
2026-06-12 22:05:54,197 [INFO] from com.jpro.meta.tk.SceneInputListener in JavaFX Application Thread - Window 'Recipe Manager - Purple Pink JavaFX Frontend' is disabled probably due to other modal window, skipping input: MouseEventToken(MousePressed,1503.8236956220987,252.61928472065003,MouseButtonToken(3),false,false,false,false,false,true,false,false)
2026-06-12 22:05:54,614 [INFO] from com.jpro.meta.tk.SceneInputListener in JavaFX Application Thread - Window 'Recipe Manager - Purple Pink JavaFX Frontend' is disabled probably due to other modal window, skipping input: MouseEventToken(MousePressed,1507.4246512649318,237.74124078390903,MouseButtonToken(3),false,false,false,false,false,true,false,false)
2026-06-12 22:05:56,655 [INFO] from com.jpro.internal.server.JProWSEndpoint in [0x12c4795c 0x5e8bdba9] WebServer socket - Frame received after poison, ignoring
2026-06-12 22:05:56,655 [INFO] from com.jpro.internal.server.JProWSEndpoint in [0x12c4795c 0x5e8bdba9] WebServer socket - WebSocket for [default] closed: 1000 – tab-closed
2026-06-12 22:05:56,656 [INFO] from com.jpro.internal.stats.ViewInfo$ in JavaFX Application Thread - [JPro] -> View closed: {app_name: default, host_name: localhost:8080, instance_id: 8mx9usqq6bijiicpvk5nmp14v, browser: Safari 605.1.15, browser_url: http://localhost:8080/, client_ip: 0:0:0:0:0:0:0:1, reason: tab-closed}
2026-06-12 22:05:56,666 [INFO] from com.jpro.internal.stats.ViewInfo$ in JavaFX Application Thread - 
2026-06-12 22:05:56,666 [INFO] from com.jpro.internal.stats.ViewInfo$ in JavaFX Application Thread - Application closed:
2026-06-12 22:05:56,666 [INFO] from com.jpro.internal.stats.ViewInfo$ in JavaFX Application Thread - startTime      : Fri Jun 12 22:05:56 GMT+06:00 2026      
2026-06-12 22:05:56,666 [INFO] from com.jpro.internal.stats.ViewInfo$ in JavaFX Application Thread - averageLatency : 00:00:00.009 
2026-06-12 22:05:56,666 [INFO] from com.jpro.internal.stats.ViewInfo$ in JavaFX Application Thread - averageJitter  : 00:00:00.014  
2026-06-12 22:05:56,666 [INFO] from com.jpro.internal.stats.ViewInfo$ in JavaFX Application Thread - framerateServer: 00:00:00.000
2026-06-12 22:05:56,666 [INFO] from com.jpro.internal.stats.ViewInfo$ in JavaFX Application Thread - framerateClient: 00:00:00.000
2026-06-12 22:05:56,666 [INFO] from com.jpro.internal.stats.ViewInfo$ in JavaFX Application Thread - raw            : 696694
2026-06-12 22:05:56,666 [INFO] from com.jpro.internal.stats.ViewInfo$ in JavaFX Application Thread - zipped         : 74606
2026-06-12 22:05:56,666 [INFO] from com.jpro.internal.stats.ViewInfo$ in JavaFX Application Thread - 
2026-06-12 22:05:56,697 [INFO] from com.jpro.internal.server.JProWSEndpoint in [0x12c4795c 0x2d6525a4] WebServer socket - application requested: default params: Map()
2026-06-12 22:05:56,697 [INFO] from com.jpro.internal.server.JProWSEndpoint in [0x12c4795c 0x2d6525a4] WebServer socket - Creating Application: default
2026-06-12 22:05:56,697 [INFO] from com.jpro.internal.server.JProWSEndpoint in [0x12c4795c 0x2d6525a4] WebServer socket - remoteAddress 0:0:0:0:0:0:0:1
2026-06-12 22:05:56,697 [INFO] from com.jpro.internal.server.JProWSEndpoint in [0x12c4795c 0x2d6525a4] WebServer socket - host          
2026-06-12 22:05:56,697 [INFO] from com.jpro.internal.server.JProWSEndpoint in [0x12c4795c 0x2d6525a4] WebServer socket - uri           /app/ws/default
2026-06-12 22:05:56,697 [INFO] from com.jpro.internal.server.JProWSEndpoint in [0x12c4795c 0x2d6525a4] WebServer socket - Application found.
2026-06-12 22:05:56,702 [INFO] from com.jpro.internal.server.JProWSEndpoint in [0x12c4795c 0x2d6525a4] WebServer socket - Handshake received: JSFILE_ID_REPLACED_BY_PLAY
2026-06-12 22:05:56,706 [INFO] from com.jpro.internal.stats.ViewInfo$ in JavaFX Application Thread - [JPro] -> View created: {app_name: default, host_name: localhost:8080, instance_id: 56k4hhzcbk963woxh10yyypaw, browser: Safari 605.1.15, browser_url: http://localhost:8080/, client_ip: 0:0:0:0:0:0:0:1}
2026-06-12 22:05:56,732 [INFO] from com.jpro.internal.communicator.InstanceImpl in JavaFX Application Thread - [JPro] -> Instance created: {app_name: default, host_name: localhost:8080, instance_id: 56k4hhzcbk963woxh10yyypaw, browser: Safari 605.1.15, browser_url: http://localhost:8080/, client_ip: 0:0:0:0:0:0:0:1}
2026-06-12 22:05:57,662 [INFO] from com.jpro.internal.communicator.InstanceImpl in JavaFX Application Thread - [JPro] -> Instance closed: {app_name: default, host_name: localhost:8080, instance_id: 8mx9usqq6bijiicpvk5nmp14v, browser: Safari 605.1.15, browser_url: http://localhost:8080/, client_ip: 0:0:0:0:0:0:0:1, reason: close-tab-closed}
2026-06-12 22:06:02,222 [INFO] from com.jpro.meta.tk.SceneInputListener in JavaFX Application Thread - Window 'Recipe Manager - Purple Pink JavaFX Frontend' is disabled probably due to other modal window, skipping input: MouseEventToken(MousePressed,1504.8867852764229,236.32899913527268,MouseButtonToken(3),false,false,false,false,false,true,false,false)
2026-06-12 22:06:05,689 [INFO] from com.jpro.internal.server.JProWSEndpoint in [0x12c4795c 0x2d6525a4] WebServer socket - Frame received after poison, ignoring
2026-06-12 22:06:05,689 [INFO] from com.jpro.internal.server.JProWSEndpoint in [0x12c4795c 0x2d6525a4] WebServer socket - WebSocket for [default] closed: 1000 – tab-closed
2026-06-12 22:06:05,689 [INFO] from com.jpro.internal.stats.ViewInfo$ in JavaFX Application Thread - [JPro] -> View closed: {app_name: default, host_name: localhost:8080, instance_id: 56k4hhzcbk963woxh10yyypaw, browser: Safari 605.1.15, browser_url: http://localhost:8080/, client_ip: 0:0:0:0:0:0:0:1, reason: tab-closed}
2026-06-12 22:06:05,699 [INFO] from com.jpro.internal.stats.ViewInfo$ in JavaFX Application Thread - 
2026-06-12 22:06:05,699 [INFO] from com.jpro.internal.stats.ViewInfo$ in JavaFX Application Thread - Application closed:
2026-06-12 22:06:05,699 [INFO] from com.jpro.internal.stats.ViewInfo$ in JavaFX Application Thread - startTime      : Fri Jun 12 22:06:05 GMT+06:00 2026      
2026-06-12 22:06:05,699 [INFO] from com.jpro.internal.stats.ViewInfo$ in JavaFX Application Thread - averageLatency : 00:00:00.009 
2026-06-12 22:06:05,699 [INFO] from com.jpro.internal.stats.ViewInfo$ in JavaFX Application Thread - averageJitter  : 00:00:00.012  
2026-06-12 22:06:05,699 [INFO] from com.jpro.internal.stats.ViewInfo$ in JavaFX Application Thread - framerateServer: 00:00:00.000
2026-06-12 22:06:05,699 [INFO] from com.jpro.internal.stats.ViewInfo$ in JavaFX Application Thread - framerateClient: 00:00:00.000
2026-06-12 22:06:05,699 [INFO] from com.jpro.internal.stats.ViewInfo$ in JavaFX Application Thread - raw            : 729590
2026-06-12 22:06:05,699 [INFO] from com.jpro.internal.stats.ViewInfo$ in JavaFX Application Thread - zipped         : 80066
2026-06-12 22:06:05,699 [INFO] from com.jpro.internal.stats.ViewInfo$ in JavaFX Application Thread - 
2026-06-12 22:06:05,722 [INFO] from com.jpro.internal.server.JProWSEndpoint in [0x12c4795c 0x2a69eb1e] WebServer socket - application requested: default params: Map()
2026-06-12 22:06:05,722 [INFO] from com.jpro.internal.server.JProWSEndpoint in [0x12c4795c 0x2a69eb1e] WebServer socket - Creating Application: default
2026-06-12 22:06:05,722 [INFO] from com.jpro.internal.server.JProWSEndpoint in [0x12c4795c 0x2a69eb1e] WebServer socket - remoteAddress 0:0:0:0:0:0:0:1
2026-06-12 22:06:05,722 [INFO] from com.jpro.internal.server.JProWSEndpoint in [0x12c4795c 0x2a69eb1e] WebServer socket - host          
2026-06-12 22:06:05,722 [INFO] from com.jpro.internal.server.JProWSEndpoint in [0x12c4795c 0x2a69eb1e] WebServer socket - uri           /app/ws/default
2026-06-12 22:06:05,722 [INFO] from com.jpro.internal.server.JProWSEndpoint in [0x12c4795c 0x2a69eb1e] WebServer socket - Application found.
2026-06-12 22:06:05,723 [INFO] from com.jpro.internal.server.JProWSEndpoint in [0x12c4795c 0x2a69eb1e] WebServer socket - Handshake received: JSFILE_ID_REPLACED_BY_PLAY
2026-06-12 22:06:05,725 [INFO] from com.jpro.internal.stats.ViewInfo$ in JavaFX Application Thread - [JPro] -> View created: {app_name: default, host_name: localhost:8080, instance_id: 26e5jb4c909xuoa450wybwmus, browser: Safari 605.1.15, browser_url: http://localhost:8080/, client_ip: 0:0:0:0:0:0:0:1}
2026-06-12 22:06:05,752 [INFO] from com.jpro.internal.communicator.InstanceImpl in JavaFX Application Thread - [JPro] -> Instance created: {app_name: default, host_name: localhost:8080, instance_id: 26e5jb4c909xuoa450wybwmus, browser: Safari 605.1.15, browser_url: http://localhost:8080/, client_ip: 0:0:0:0:0:0:0:1}
2026-06-12 22:06:06,685 [INFO] from com.jpro.internal.communicator.InstanceImpl in JavaFX Application Thread - [JPro] -> Instance closed: {app_name: default, host_name: localhost:8080, instance_id: 56k4hhzcbk963woxh10yyypaw, browser: Safari 605.1.15, browser_url: http://localhost:8080/, client_ip: 0:0:0:0:0:0:0:1, reason: close-tab-closed}
2026-06-12 22:07:12,448 [INFO] from com.jpro.meta.tk.SceneInputListener in JavaFX Application Thread - Window 'Recipe Manager - Purple Pink JavaFX Frontend' is disabled probably due to other modal window, skipping input: MouseEventToken(MousePressed,1549.4010589393445,782.6945467722854,MouseButtonToken(3),false,false,false,false,false,true,false,false)
2026-06-12 22:07:13,351 [INFO] from com.jpro.meta.tk.SceneInputListener in JavaFX Application Thread - Window 'Recipe Manager - Purple Pink JavaFX Frontend' is disabled probably due to other modal window, skipping input: MouseEventToken(MousePressed,1209.0299767227991,476.6289508028734,MouseButtonToken(3),false,false,false,false,false,true,false,false)
2026-06-12 22:07:13,998 [INFO] from com.jpro.meta.tk.SceneInputListener in JavaFX Application Thread - Window 'Recipe Manager - Purple Pink JavaFX Frontend' is disabled probably due to other modal window, skipping input: MouseEventToken(MousePressed,1211.849248796276,469.4530956361861,MouseButtonToken(3),false,false,false,false,false,true,false,false)
2026-06-12 22:07:14,814 [INFO] from com.jpro.meta.tk.SceneInputListener in JavaFX Application Thread - Window 'Recipe Manager - Purple Pink JavaFX Frontend' is disabled probably due to other modal window, skipping input: MouseEventToken(MousePressed,1172.785915223663,490.96502746486095,MouseButtonToken(3),false,false,false,false,false,true,false,false)
2026-06-12 22:07:15,353 [INFO] from com.jpro.meta.tk.SceneInputListener in JavaFX Application Thread - Window 'Recipe Manager - Purple Pink JavaFX Frontend' is disabled probably due to other modal window, skipping input: MouseEventToken(MousePressed,1199.6966749046894,472.73095540368524,MouseButtonToken(3),false,false,false,false,false,true,false,false)
2026-06-12 22:07:16,324 [INFO] from com.jpro.meta.tk.SceneInputListener in JavaFX Application Thread - Window 'Recipe Manager - Purple Pink JavaFX Frontend' is disabled probably due to other modal window, skipping input: MouseEventToken(MousePressed,1575.0611249094015,774.5181366368225,MouseButtonToken(3),false,false,false,false,false,true,false,false)
2026-06-12 22:07:17,151 [INFO] from com.jpro.meta.tk.SceneInputListener in JavaFX Application Thread - Window 'Recipe Manager - Purple Pink JavaFX Frontend' is disabled probably due to other modal window, skipping input: MouseEventToken(MousePressed,1146.7975421544766,484.8001497145406,MouseButtonToken(3),false,false,false,false,false,true,false,false)
2026-06-12 22:07:21,490 [INFO] from com.jpro.internal.server.JProWSEndpoint in [0x12c4795c 0x2a69eb1e] WebServer socket - Frame received after poison, ignoring
2026-06-12 22:07:21,492 [INFO] from com.jpro.internal.stats.ViewInfo$ in JavaFX Application Thread - [JPro] -> View closed: {app_name: default, host_name: localhost:8080, instance_id: 26e5jb4c909xuoa450wybwmus, browser: Safari 605.1.15, browser_url: http://localhost:8080/, client_ip: 0:0:0:0:0:0:0:1, reason: tab-closed}
2026-06-12 22:07:21,492 [INFO] from com.jpro.internal.server.JProWSEndpoint in [0x12c4795c 0x2a69eb1e] WebServer socket - WebSocket for [default] closed: 1000 – tab-closed
2026-06-12 22:07:21,501 [INFO] from com.jpro.internal.stats.ViewInfo$ in JavaFX Application Thread - 
2026-06-12 22:07:21,501 [INFO] from com.jpro.internal.stats.ViewInfo$ in JavaFX Application Thread - Application closed:
2026-06-12 22:07:21,501 [INFO] from com.jpro.internal.stats.ViewInfo$ in JavaFX Application Thread - startTime      : Fri Jun 12 22:07:21 GMT+06:00 2026      
2026-06-12 22:07:21,501 [INFO] from com.jpro.internal.stats.ViewInfo$ in JavaFX Application Thread - averageLatency : 00:00:00.002 
2026-06-12 22:07:21,501 [INFO] from com.jpro.internal.stats.ViewInfo$ in JavaFX Application Thread - averageJitter  : 00:00:00.001  
2026-06-12 22:07:21,501 [INFO] from com.jpro.internal.stats.ViewInfo$ in JavaFX Application Thread - framerateServer: 00:00:00.000
2026-06-12 22:07:21,501 [INFO] from com.jpro.internal.stats.ViewInfo$ in JavaFX Application Thread - framerateClient: 00:00:00.000
2026-06-12 22:07:21,501 [INFO] from com.jpro.internal.stats.ViewInfo$ in JavaFX Application Thread - raw            : 1638150
2026-06-12 22:07:21,501 [INFO] from com.jpro.internal.stats.ViewInfo$ in JavaFX Application Thread - zipped         : 236304
2026-06-12 22:07:21,501 [INFO] from com.jpro.internal.stats.ViewInfo$ in JavaFX Application Thread - 
2026-06-12 22:07:21,528 [INFO] from com.jpro.internal.server.JProWSEndpoint in [0x12c4795c 0x401a3ae8] WebServer socket - application requested: default params: Map()
2026-06-12 22:07:21,528 [INFO] from com.jpro.internal.server.JProWSEndpoint in [0x12c4795c 0x401a3ae8] WebServer socket - Creating Application: default
2026-06-12 22:07:21,528 [INFO] from com.jpro.internal.server.JProWSEndpoint in [0x12c4795c 0x401a3ae8] WebServer socket - remoteAddress 0:0:0:0:0:0:0:1
2026-06-12 22:07:21,528 [INFO] from com.jpro.internal.server.JProWSEndpoint in [0x12c4795c 0x401a3ae8] WebServer socket - host          
2026-06-12 22:07:21,528 [INFO] from com.jpro.internal.server.JProWSEndpoint in [0x12c4795c 0x401a3ae8] WebServer socket - uri           /app/ws/default
2026-06-12 22:07:21,528 [INFO] from com.jpro.internal.server.JProWSEndpoint in [0x12c4795c 0x401a3ae8] WebServer socket - Application found.
2026-06-12 22:07:21,529 [INFO] from com.jpro.internal.server.JProWSEndpoint in [0x12c4795c 0x401a3ae8] WebServer socket - Handshake received: JSFILE_ID_REPLACED_BY_PLAY
2026-06-12 22:07:21,532 [INFO] from com.jpro.internal.stats.ViewInfo$ in JavaFX Application Thread - [JPro] -> View created: {app_name: default, host_name: localhost:8080, instance_id: 96hgnpy7deg0gyyvcg8gm7zc5, browser: Safari 605.1.15, browser_url: http://localhost:8080/, client_ip: 0:0:0:0:0:0:0:1}
2026-06-12 22:07:21,557 [INFO] from com.jpro.internal.communicator.InstanceImpl in JavaFX Application Thread - [JPro] -> Instance created: {app_name: default, host_name: localhost:8080, instance_id: 96hgnpy7deg0gyyvcg8gm7zc5, browser: Safari 605.1.15, browser_url: http://localhost:8080/, client_ip: 0:0:0:0:0:0:0:1}
2026-06-12 22:07:22,495 [INFO] from com.jpro.internal.communicator.InstanceImpl in JavaFX Application Thread - [JPro] -> Instance closed: {app_name: default, host_name: localhost:8080, instance_id: 26e5jb4c909xuoa450wybwmus, browser: Safari 605.1.15, browser_url: http://localhost:8080/, client_ip: 0:0:0:0:0:0:0:1, reason: close-tab-closed}
2026-06-12 22:07:24,573 [INFO] from com.jpro.meta.tk.SceneInputListener in JavaFX Application Thread - Window 'Recipe Manager - Purple Pink JavaFX Frontend' is disabled probably due to other modal window, skipping input: MouseEventToken(MousePressed,1568.5470951647687,771.0370391412908,MouseButtonToken(3),false,false,false,false,false,true,false,false)
2026-06-12 22:07:25,148 [INFO] from com.jpro.meta.tk.SceneInputListener in JavaFX Application Thread - Window 'Recipe Manager - Purple Pink JavaFX Frontend' is disabled probably due to other modal window, skipping input: MouseEventToken(MousePressed,1568.5470951647687,771.3445013452375,MouseButtonToken(3),false,false,false,false,false,true,false,false)
2026-06-12 22:07:25,354 [INFO] from com.jpro.meta.tk.SceneInputListener in JavaFX Application Thread - Window 'Recipe Manager - Purple Pink JavaFX Frontend' is disabled probably due to other modal window, skipping input: MouseEventToken(MousePressed,1568.5470951647687,771.3445013452375,MouseButtonToken(3),false,false,false,false,false,true,false,false)
2026-06-12 22:07:25,525 [INFO] from com.jpro.meta.tk.SceneInputListener in JavaFX Application Thread - Window 'Recipe Manager - Purple Pink JavaFX Frontend' is disabled probably due to other modal window, skipping input: MouseEventToken(MousePressed,1568.5470951647687,771.3445013452375,MouseButtonToken(3),false,false,false,false,false,true,false,false)
2026-06-12 22:07:26,300 [INFO] from com.jpro.meta.tk.SceneInputListener in JavaFX Application Thread - Window 'Recipe Manager - Purple Pink JavaFX Frontend' is disabled probably due to other modal window, skipping input: MouseEventToken(MousePressed,1262.8358624134648,452.1153540678718,MouseButtonToken(3),false,false,false,false,false,true,false,false)
2026-06-12 22:07:26,899 [INFO] from com.jpro.meta.tk.SceneInputListener in JavaFX Application Thread - Window 'Recipe Manager - Purple Pink JavaFX Frontend' is disabled probably due to other modal window, skipping input: MouseEventToken(MousePressed,1276.3485657157307,439.25926496386484,MouseButtonToken(3),false,false,false,false,false,true,false,false)
2026-06-12 22:07:29,624 [INFO] from com.jpro.internal.server.JProWSEndpoint in [0x12c4795c 0x401a3ae8] WebServer socket - Frame received after poison, ignoring
2026-06-12 22:07:29,624 [INFO] from com.jpro.internal.server.JProWSEndpoint in [0x12c4795c 0x401a3ae8] WebServer socket - WebSocket for [default] closed: 1000 – tab-closed
2026-06-12 22:07:29,624 [INFO] from com.jpro.internal.stats.ViewInfo$ in JavaFX Application Thread - [JPro] -> View closed: {app_name: default, host_name: localhost:8080, instance_id: 96hgnpy7deg0gyyvcg8gm7zc5, browser: Safari 605.1.15, browser_url: http://localhost:8080/, client_ip: 0:0:0:0:0:0:0:1, reason: tab-closed}
2026-06-12 22:07:29,628 [INFO] from com.jpro.internal.stats.ViewInfo$ in JavaFX Application Thread - 
2026-06-12 22:07:29,628 [INFO] from com.jpro.internal.stats.ViewInfo$ in JavaFX Application Thread - Application closed:
2026-06-12 22:07:29,628 [INFO] from com.jpro.internal.stats.ViewInfo$ in JavaFX Application Thread - startTime      : Fri Jun 12 22:07:29 GMT+06:00 2026      
2026-06-12 22:07:29,628 [INFO] from com.jpro.internal.stats.ViewInfo$ in JavaFX Application Thread - averageLatency : 00:00:00.009 
2026-06-12 22:07:29,628 [INFO] from com.jpro.internal.stats.ViewInfo$ in JavaFX Application Thread - averageJitter  : 00:00:00.013  
2026-06-12 22:07:29,628 [INFO] from com.jpro.internal.stats.ViewInfo$ in JavaFX Application Thread - framerateServer: 00:00:00.000
2026-06-12 22:07:29,628 [INFO] from com.jpro.internal.stats.ViewInfo$ in JavaFX Application Thread - framerateClient: 00:00:00.000
2026-06-12 22:07:29,628 [INFO] from com.jpro.internal.stats.ViewInfo$ in JavaFX Application Thread - raw            : 676272
2026-06-12 22:07:29,628 [INFO] from com.jpro.internal.stats.ViewInfo$ in JavaFX Application Thread - zipped         : 71126
2026-06-12 22:07:29,628 [INFO] from com.jpro.internal.stats.ViewInfo$ in JavaFX Application Thread - 
2026-06-12 22:07:29,658 [INFO] from com.jpro.internal.server.JProWSEndpoint in [0x12c4795c 0x5ba7b36f] WebServer socket - application requested: default params: Map()
2026-06-12 22:07:29,658 [INFO] from com.jpro.internal.server.JProWSEndpoint in [0x12c4795c 0x5ba7b36f] WebServer socket - Creating Application: default
2026-06-12 22:07:29,658 [INFO] from com.jpro.internal.server.JProWSEndpoint in [0x12c4795c 0x5ba7b36f] WebServer socket - remoteAddress 0:0:0:0:0:0:0:1
2026-06-12 22:07:29,658 [INFO] from com.jpro.internal.server.JProWSEndpoint in [0x12c4795c 0x5ba7b36f] WebServer socket - host          
2026-06-12 22:07:29,658 [INFO] from com.jpro.internal.server.JProWSEndpoint in [0x12c4795c 0x5ba7b36f] WebServer socket - uri           /app/ws/default
2026-06-12 22:07:29,658 [INFO] from com.jpro.internal.server.JProWSEndpoint in [0x12c4795c 0x5ba7b36f] WebServer socket - Application found.
2026-06-12 22:07:29,659 [INFO] from com.jpro.internal.server.JProWSEndpoint in [0x12c4795c 0x5ba7b36f] WebServer socket - Handshake received: JSFILE_ID_REPLACED_BY_PLAY
2026-06-12 22:07:29,662 [INFO] from com.jpro.internal.stats.ViewInfo$ in JavaFX Application Thread - [JPro] -> View created: {app_name: default, host_name: localhost:8080, instance_id: 5rmxhbtj6fi84pep46hhgznr5, browser: Safari 605.1.15, browser_url: http://localhost:8080/, client_ip: 0:0:0:0:0:0:0:1}
2026-06-12 22:07:29,686 [INFO] from com.jpro.internal.communicator.InstanceImpl in JavaFX Application Thread - [JPro] -> Instance created: {app_name: default, host_name: localhost:8080, instance_id: 5rmxhbtj6fi84pep46hhgznr5, browser: Safari 605.1.15, browser_url: http://localhost:8080/, client_ip: 0:0:0:0:0:0:0:1}
2026-06-12 22:07:30,622 [INFO] from com.jpro.internal.communicator.InstanceImpl in JavaFX Application Thread - [JPro] -> Instance closed: {app_name: default, host_name: localhost:8080, instance_id: 96hgnpy7deg0gyyvcg8gm7zc5, browser: Safari 605.1.15, browser_url: http://localhost:8080/, client_ip: 0:0:0:0:0:0:0:1, reason: close-tab-closed}
2026-06-12 22:07:33,764 [INFO] from com.jpro.meta.tk.SceneInputListener in JavaFX Application Thread - Window 'Recipe Manager - Purple Pink JavaFX Frontend' is disabled probably due to other modal window, skipping input: MouseEventToken(MousePressed,1259.797718940568,358.69374508224814,MouseButtonToken(3),false,false,false,false,false,true,false,false)
2026-06-12 22:07:34,497 [INFO] from com.jpro.meta.tk.SceneInputListener in JavaFX Application Thread - Window 'Recipe Manager - Purple Pink JavaFX Frontend' is disabled probably due to other modal window, skipping input: MouseEventToken(MousePressed,1206.549434196043,295.10118110324635,MouseButtonToken(3),false,false,false,false,false,true,false,false)
2026-06-12 22:07:35,085 [INFO] from com.jpro.meta.tk.SceneInputListener in JavaFX Application Thread - Window 'Recipe Manager - Purple Pink JavaFX Frontend' is disabled probably due to other modal window, skipping input: MouseEventToken(MousePressed,1132.8366736057799,315.7272048866512,MouseButtonToken(3),false,false,false,false,false,true,false,false)
2026-06-12 22:07:35,390 [INFO] from com.jpro.meta.tk.SceneInputListener in JavaFX Application Thread - Window 'Recipe Manager - Purple Pink JavaFX Frontend' is disabled probably due to other modal window, skipping input: MouseEventToken(MousePressed,1132.4823103876718,315.8991752719095,MouseButtonToken(3),false,false,false,false,false,true,false,false)
2026-06-12 22:07:47,781 [INFO] from com.jpro.meta.tk.SceneInputListener in JavaFX Application Thread - Window 'Recipe Manager - Purple Pink JavaFX Frontend' is disabled probably due to other modal window, skipping input: MouseEventToken(MousePressed,781.9806091122737,254.08884983103914,MouseButtonToken(3),false,false,false,false,false,true,false,false)
2026-06-12 22:07:48,618 [INFO] from com.jpro.meta.tk.SceneInputListener in JavaFX Application Thread - Window 'Recipe Manager - Purple Pink JavaFX Frontend' is disabled probably due to other modal window, skipping input: MouseEventToken(MousePressed,746.0544322646757,234.76042077276514,MouseButtonToken(3),false,false,false,false,false,true,false,false)
2026-06-12 22:07:54,348 [INFO] from com.jpro.meta.tk.SceneInputListener in JavaFX Application Thread - Window 'Recipe Manager - Purple Pink JavaFX Frontend' is disabled probably due to other modal window, skipping input: MouseEventToken(MousePressed,496.16061758918,220.80476344786413,MouseButtonToken(3),false,false,false,false,false,true,false,false)
2026-06-12 22:07:54,983 [INFO] from com.jpro.meta.tk.SceneInputListener in JavaFX Application Thread - Window 'Recipe Manager - Purple Pink JavaFX Frontend' is disabled probably due to other modal window, skipping input: MouseEventToken(MousePressed,525.3434708451342,230.3882040081677,MouseButtonToken(3),false,false,false,false,false,true,false,false)
2026-06-12 22:07:55,914 [INFO] from com.jpro.meta.tk.SceneInputListener in JavaFX Application Thread - Window 'Recipe Manager - Purple Pink JavaFX Frontend' is disabled probably due to other modal window, skipping input: MouseEventToken(MousePressed,544.8751376314408,270.28012216429806,MouseButtonToken(3),false,false,false,false,false,true,false,false)
2026-06-12 22:07:56,475 [INFO] from com.jpro.meta.tk.SceneInputListener in JavaFX Application Thread - Window 'Recipe Manager - Purple Pink JavaFX Frontend' is disabled probably due to other modal window, skipping input: MouseEventToken(MousePressed,544.8751376314408,270.6292741586104,MouseButtonToken(3),false,false,false,false,false,false,false,false)
2026-06-12 22:07:57,013 [INFO] from com.jpro.meta.tk.SceneInputListener in JavaFX Application Thread - Window 'Recipe Manager - Purple Pink JavaFX Frontend' is disabled probably due to other modal window, skipping input: MouseEventToken(MousePressed,572.0829370688225,389.0178563494621,MouseButtonToken(3),false,false,false,false,false,true,false,false)
2026-06-12 22:07:58,330 [INFO] from com.jpro.meta.tk.SceneInputListener in JavaFX Application Thread - Window 'Recipe Manager - Purple Pink JavaFX Frontend' is disabled probably due to other modal window, skipping input: MouseEventToken(MousePressed,1542.475342514851,770.0104280535368,MouseButtonToken(3),false,false,false,false,false,true,false,false)
2026-06-12 22:08:04,013 [INFO] from com.jpro.meta.tk.SceneInputListener in JavaFX Application Thread - Window 'Recipe Manager - Purple Pink JavaFX Frontend' is disabled probably due to other modal window, skipping input: MouseEventToken(MousePressed,1655.9757967853304,779.8075287894643,MouseButtonToken(3),false,false,false,false,false,true,false,false)
2026-06-12 22:11:29,708 [INFO] from com.jpro.activity in scala-execution-context-global-38 - Starting the server
2026-06-12 22:11:29,709 [INFO] from com.jpro.internal.server.JProInitializer$ in scala-execution-context-global-38 -  *** Starting JPro: https://www.jpro.one/ ***
2026-06-12 22:11:29,709 [INFO] from com.jpro.internal.server.JProInitializer$ in scala-execution-context-global-38 - OS: Mac OS X
2026-06-12 22:11:29,714 [INFO] from com.jpro.internal.server.JProInitializer$ in scala-execution-context-global-38 - JPro: 2025.3.3
2026-06-12 22:11:29,714 [INFO] from com.jpro.internal.server.JProInitializer$ in scala-execution-context-global-38 - Java version: 26.0.1
2026-06-12 22:11:29,714 [INFO] from com.jpro.internal.server.JProInitializer$ in scala-execution-context-global-38 - JVM: 26.0.1 Homebrew
2026-06-12 22:11:29,715 [INFO] from com.jpro.internal.server.JProInitializer$ in scala-execution-context-global-38 - JavaFX jar: file:/Users/sadikatabassum/.m2/repository/org/openjfx/javafx-graphics/25.0.2-jpro/javafx-graphics-25.0.2-jpro-mac-aarch64.jar
2026-06-12 22:11:29,717 [INFO] from com.jpro.internal.server.JProInitializer$ in scala-execution-context-global-38 - Configuring logging from url: 'jar:file:/Users/sadikatabassum/.m2/repository/one/jpro/jpro-server_2.12/2025.3.3/jpro-server_2.12-2025.3.3.jar!/logback-jpro-default.xml'
2026-06-12 22:11:30,066 [INFO] from com.jpro.internal.server.JProInitializer$ in JavaFX Application Thread - JavaFX version: 25.0.2-jpro+0
2026-06-12 22:11:30,150 [INFO] from com.jpro.internal.server.JProInitializer$ in scala-execution-context-global-38 - finished init!
2026-06-12 22:11:30,152 [INFO] from com.jpro.internal.server.JProInitializer$ in scala-execution-context-global-38 - [JPro] -> Server started: {start_time: 1781280689707, os_name: Mac OS X, jpro_version: 2025.3.3, pid: 34296}
2026-06-12 22:11:30,201 [INFO] from com.jpro.internal.server.Route$ in Thread-0 - Creating routing for JPro server
2026-06-12 22:11:30,239 [INFO] from io.helidon.common.features.HelidonFeatures in features-thread - Helidon SE 4.2.6 features: [Config, Encoding, Media, Metrics, Registry, WebServer, WebSocket]
2026-06-12 22:11:30,245 [INFO] from io.helidon.webserver.ServerListener in start @default (/0.0.0.0:8080) - [0x7dbb0022] http://0.0.0.0:8080 bound for socket '@default'
2026-06-12 22:11:30,248 [INFO] from io.helidon.webserver.LoomServer in Thread-0 - Started all channels in 11 milliseconds. 1112 milliseconds since JVM startup. Java 26.0.1
2026-06-12 22:11:32,680 [INFO] from com.jpro.internal.server.JProWSEndpoint in [0x7dbb0022 0x0cc9f235] WebServer socket - application requested: default params: Map()
2026-06-12 22:11:32,680 [INFO] from com.jpro.internal.server.JProWSEndpoint in [0x7dbb0022 0x0cc9f235] WebServer socket - Creating Application: default
2026-06-12 22:11:32,681 [INFO] from com.jpro.internal.server.JProWSEndpoint in [0x7dbb0022 0x0cc9f235] WebServer socket - remoteAddress 0:0:0:0:0:0:0:1
2026-06-12 22:11:32,681 [INFO] from com.jpro.internal.server.JProWSEndpoint in [0x7dbb0022 0x0cc9f235] WebServer socket - host          
2026-06-12 22:11:32,681 [INFO] from com.jpro.internal.server.JProWSEndpoint in [0x7dbb0022 0x0cc9f235] WebServer socket - uri           /app/ws/default
2026-06-12 22:11:32,685 [INFO] from com.jpro.internal.server.JProWSEndpoint in [0x7dbb0022 0x0cc9f235] WebServer socket - Application found.
2026-06-12 22:11:32,699 [INFO] from com.jpro.internal.server.JProWSEndpoint in [0x7dbb0022 0x0cc9f235] WebServer socket - Handshake received: JSFILE_ID_REPLACED_BY_PLAY
2026-06-12 22:11:32,816 [INFO] from com.jpro.internal.stats.ViewInfo$ in JavaFX Application Thread - [JPro] -> View created: {app_name: default, host_name: localhost:8080, instance_id: 1ig05k992cbs6ktxi30ox69rp, browser: Safari 605.1.15, browser_url: http://localhost:8080/, client_ip: 0:0:0:0:0:0:0:1}
2026-06-12 22:11:33,451 [INFO] from com.jpro.internal.communicator.InstanceImpl in JavaFX Application Thread - [JPro] -> Instance created: {app_name: default, host_name: localhost:8080, instance_id: 1ig05k992cbs6ktxi30ox69rp, browser: Safari 605.1.15, browser_url: http://localhost:8080/, client_ip: 0:0:0:0:0:0:0:1}
2026-06-12 22:11:39,068 [INFO] from com.jpro.meta.tk.SceneInputListener in JavaFX Application Thread - Window 'Recipe Manager - Purple Pink JavaFX Frontend' is disabled probably due to other modal window, skipping input: MouseEventToken(MousePressed,1169.85546875,676.0546875,MouseButtonToken(3),false,false,false,false,false,true,false,false)
2026-06-12 22:11:39,348 [INFO] from com.jpro.meta.tk.SceneInputListener in JavaFX Application Thread - Window 'Recipe Manager - Purple Pink JavaFX Frontend' is disabled probably due to other modal window, skipping input: MouseEventToken(MousePressed,1169.85546875,676.0546875,MouseButtonToken(3),false,false,false,false,false,true,false,false)
2026-06-12 22:11:39,561 [INFO] from com.jpro.meta.tk.SceneInputListener in JavaFX Application Thread - Window 'Recipe Manager - Purple Pink JavaFX Frontend' is disabled probably due to other modal window, skipping input: MouseEventToken(MousePressed,1169.85546875,676.0546875,MouseButtonToken(3),false,false,false,false,false,true,false,false)
2026-06-12 22:11:39,790 [INFO] from com.jpro.meta.tk.SceneInputListener in JavaFX Application Thread - Window 'Recipe Manager - Purple Pink JavaFX Frontend' is disabled probably due to other modal window, skipping input: MouseEventToken(MousePressed,1169.85546875,676.0546875,MouseButtonToken(3),false,false,false,false,false,true,false,false)
2026-06-12 22:11:40,853 [INFO] from com.jpro.meta.tk.SceneInputListener in JavaFX Application Thread - Window 'Recipe Manager - Purple Pink JavaFX Frontend' is disabled probably due to other modal window, skipping input: MouseEventToken(MousePressed,1184.6015625,674.90625,MouseButtonToken(3),false,false,false,false,false,true,false,false)
2026-06-12 22:23:08,097 [INFO] from io.helidon.Main in helidon-shutdown-thread - Shutdown requested by JVM shutting down
2026-06-12 22:23:08,101 [INFO] from io.helidon.webserver.ServerListener in server-@default-listener - [0x7dbb0022] @default socket closed.
2026-06-12 22:23:08,103 [INFO] from io.helidon.Main in helidon-shutdown-thread - Shutdown finished
2026-06-12 22:23:14,661 [INFO] from com.jpro.activity in scala-execution-context-global-38 - Starting the server
2026-06-12 22:23:14,662 [INFO] from com.jpro.internal.server.JProInitializer$ in scala-execution-context-global-38 -  *** Starting JPro: https://www.jpro.one/ ***
2026-06-12 22:23:14,662 [INFO] from com.jpro.internal.server.JProInitializer$ in scala-execution-context-global-38 - OS: Mac OS X
2026-06-12 22:23:14,667 [INFO] from com.jpro.internal.server.JProInitializer$ in scala-execution-context-global-38 - JPro: 2025.3.3
2026-06-12 22:23:14,668 [INFO] from com.jpro.internal.server.JProInitializer$ in scala-execution-context-global-38 - Java version: 26.0.1
2026-06-12 22:23:14,668 [INFO] from com.jpro.internal.server.JProInitializer$ in scala-execution-context-global-38 - JVM: 26.0.1 Homebrew
2026-06-12 22:23:14,669 [INFO] from com.jpro.internal.server.JProInitializer$ in scala-execution-context-global-38 - JavaFX jar: file:/Users/sadikatabassum/.m2/repository/org/openjfx/javafx-graphics/25.0.2-jpro/javafx-graphics-25.0.2-jpro-mac-aarch64.jar
2026-06-12 22:23:14,670 [INFO] from com.jpro.internal.server.JProInitializer$ in scala-execution-context-global-38 - Configuring logging from url: 'jar:file:/Users/sadikatabassum/.m2/repository/one/jpro/jpro-server_2.12/2025.3.3/jpro-server_2.12-2025.3.3.jar!/logback-jpro-default.xml'
2026-06-12 22:23:14,955 [INFO] from com.jpro.internal.server.JProInitializer$ in JavaFX Application Thread - JavaFX version: 25.0.2-jpro+0
2026-06-12 22:23:15,040 [INFO] from com.jpro.internal.server.JProInitializer$ in scala-execution-context-global-38 - finished init!
2026-06-12 22:23:15,042 [INFO] from com.jpro.internal.server.JProInitializer$ in scala-execution-context-global-38 - [JPro] -> Server started: {start_time: 1781281394660, os_name: Mac OS X, jpro_version: 2025.3.3, pid: 41345}
2026-06-12 22:23:15,090 [INFO] from com.jpro.internal.server.Route$ in Thread-0 - Creating routing for JPro server
2026-06-12 22:23:15,126 [INFO] from io.helidon.common.features.HelidonFeatures in features-thread - Helidon SE 4.2.6 features: [Config, Encoding, Media, Metrics, Registry, WebServer, WebSocket]
2026-06-12 22:23:15,132 [INFO] from io.helidon.webserver.ServerListener in start @default (/0.0.0.0:8080) - [0x3d3cb14f] http://0.0.0.0:8080 bound for socket '@default'
2026-06-12 22:23:15,136 [INFO] from io.helidon.webserver.LoomServer in Thread-0 - Started all channels in 12 milliseconds. 991 milliseconds since JVM startup. Java 26.0.1
2026-06-12 22:23:17,397 [INFO] from com.jpro.internal.server.JProWSEndpoint in [0x3d3cb14f 0x208aa55a] WebServer socket - application requested: default params: Map(instanceID -> 1ig05k992cbs6ktxi30ox69rp)
2026-06-12 22:23:17,401 [INFO] from com.jpro.internal.server.JProWSEndpoint in [0x3d3cb14f 0x208aa55a] WebServer socket - Creating Application: default
2026-06-12 22:23:17,401 [INFO] from com.jpro.internal.server.JProWSEndpoint in [0x3d3cb14f 0x208aa55a] WebServer socket - remoteAddress 0:0:0:0:0:0:0:1
2026-06-12 22:23:17,401 [INFO] from com.jpro.internal.server.JProWSEndpoint in [0x3d3cb14f 0x208aa55a] WebServer socket - host          
2026-06-12 22:23:17,401 [INFO] from com.jpro.internal.server.JProWSEndpoint in [0x3d3cb14f 0x208aa55a] WebServer socket - uri           /app/ws/default?instanceID=1ig05k992cbs6ktxi30ox69rp
2026-06-12 22:23:17,405 [INFO] from com.jpro.internal.server.JProWSEndpoint in [0x3d3cb14f 0x208aa55a] WebServer socket - Application found.
2026-06-12 22:23:17,407 [INFO] from com.jpro.internal.server.JProWSEndpoint in [0x3d3cb14f 0x208aa55a] WebServer socket - Handshake received: JSFILE_ID_REPLACED_BY_PLAY
2026-06-12 22:23:17,520 [INFO] from com.jpro.internal.stats.ViewInfo$ in JavaFX Application Thread - [JPro] -> View created: {app_name: default, host_name: localhost:8080, instance_id: 7ibes0xddsjxke1racjqxl0j5, browser: Safari 605.1.15, browser_url: http://localhost:8080/, client_ip: 0:0:0:0:0:0:0:1}
2026-06-12 22:23:17,648 [INFO] from com.jpro.internal.server.JProWSEndpoint in [0x3d3cb14f 0x208aa55a] WebServer socket - Frame received after poison, ignoring
2026-06-12 22:23:17,649 [INFO] from com.jpro.internal.server.JProWSEndpoint in [0x3d3cb14f 0x208aa55a] WebServer socket - WebSocket for [default] closed: 1001 – normal
2026-06-12 22:23:17,738 [INFO] from com.jpro.internal.server.JProWSEndpoint in [0x3d3cb14f 0x51b0a71f] WebServer socket - application requested: default params: Map()
2026-06-12 22:23:17,738 [INFO] from com.jpro.internal.server.JProWSEndpoint in [0x3d3cb14f 0x51b0a71f] WebServer socket - Creating Application: default
2026-06-12 22:23:17,738 [INFO] from com.jpro.internal.server.JProWSEndpoint in [0x3d3cb14f 0x51b0a71f] WebServer socket - remoteAddress 0:0:0:0:0:0:0:1
2026-06-12 22:23:17,738 [INFO] from com.jpro.internal.server.JProWSEndpoint in [0x3d3cb14f 0x51b0a71f] WebServer socket - host          
2026-06-12 22:23:17,738 [INFO] from com.jpro.internal.server.JProWSEndpoint in [0x3d3cb14f 0x51b0a71f] WebServer socket - uri           /app/ws/default
2026-06-12 22:23:17,738 [INFO] from com.jpro.internal.server.JProWSEndpoint in [0x3d3cb14f 0x51b0a71f] WebServer socket - Application found.
2026-06-12 22:23:17,741 [INFO] from com.jpro.internal.server.JProWSEndpoint in [0x3d3cb14f 0x51b0a71f] WebServer socket - Handshake received: JSFILE_ID_REPLACED_BY_PLAY
2026-06-12 22:23:18,162 [INFO] from com.jpro.internal.communicator.InstanceImpl in JavaFX Application Thread - [JPro] -> Instance created: {app_name: default, host_name: localhost:8080, instance_id: 7ibes0xddsjxke1racjqxl0j5, browser: Safari 605.1.15, browser_url: http://localhost:8080/, client_ip: 0:0:0:0:0:0:0:1}
2026-06-12 22:23:18,558 [INFO] from com.jpro.internal.stats.ViewInfo$ in JavaFX Application Thread - [JPro] -> View closed: {app_name: default, host_name: localhost:8080, instance_id: 7ibes0xddsjxke1racjqxl0j5, browser: Safari 605.1.15, browser_url: http://localhost:8080/, client_ip: 0:0:0:0:0:0:0:1, reason: tab-closed}
2026-06-12 22:23:18,563 [INFO] from com.jpro.internal.stats.ViewInfo$ in JavaFX Application Thread - 
2026-06-12 22:23:18,563 [INFO] from com.jpro.internal.stats.ViewInfo$ in JavaFX Application Thread - Application closed:
2026-06-12 22:23:18,582 [INFO] from com.jpro.internal.stats.ViewInfo$ in JavaFX Application Thread - startTime      : Fri Jun 12 22:23:18 GMT+06:00 2026      
2026-06-12 22:23:18,582 [INFO] from com.jpro.internal.stats.ViewInfo$ in JavaFX Application Thread - averageLatency : 00:00:00.000 
2026-06-12 22:23:18,583 [INFO] from com.jpro.internal.stats.ViewInfo$ in JavaFX Application Thread - averageJitter  : 00:00:00.000  
2026-06-12 22:23:18,583 [INFO] from com.jpro.internal.stats.ViewInfo$ in JavaFX Application Thread - framerateServer: 00:00:00.000
2026-06-12 22:23:18,583 [INFO] from com.jpro.internal.stats.ViewInfo$ in JavaFX Application Thread - framerateClient: 00:00:00.000
2026-06-12 22:23:18,583 [INFO] from com.jpro.internal.stats.ViewInfo$ in JavaFX Application Thread - raw            : 0
2026-06-12 22:23:18,583 [INFO] from com.jpro.internal.stats.ViewInfo$ in JavaFX Application Thread - zipped         : 0
2026-06-12 22:23:18,583 [INFO] from com.jpro.internal.stats.ViewInfo$ in JavaFX Application Thread - 
2026-06-12 22:23:18,585 [INFO] from com.jpro.internal.stats.ViewInfo$ in JavaFX Application Thread - [JPro] -> View created: {app_name: default, host_name: localhost:8080, instance_id: cgrhyytwvf4qyzwts27q9y2vc, browser: Safari 605.1.15, browser_url: http://localhost:8080/, client_ip: 0:0:0:0:0:0:0:1}
2026-06-12 22:23:18,711 [INFO] from com.jpro.internal.communicator.InstanceImpl in JavaFX Application Thread - [JPro] -> Instance created: {app_name: default, host_name: localhost:8080, instance_id: cgrhyytwvf4qyzwts27q9y2vc, browser: Safari 605.1.15, browser_url: http://localhost:8080/, client_ip: 0:0:0:0:0:0:0:1}
2026-06-12 22:23:19,527 [INFO] from com.jpro.internal.communicator.InstanceImpl in JavaFX Application Thread - [JPro] -> Instance closed: {app_name: default, host_name: localhost:8080, instance_id: 7ibes0xddsjxke1racjqxl0j5, browser: Safari 605.1.15, browser_url: http://localhost:8080/, client_ip: 0:0:0:0:0:0:0:1, reason: close-tab-closed}
